[0.019s] Invoking command in '/home/robot/DOBOT_6Axis_ROS2_V4/build/dobot_msgs_v4': CMAKE_PREFIX_PATH=/opt/ros/humble CONDA_PROMPT_MODIFIER=(ros2) /usr/bin/cmake /home/robot/DOBOT_6Axis_ROS2_V4/dobot_msgs_v4 -DCMAKE_INSTALL_PREFIX=/home/robot/DOBOT_6Axis_ROS2_V4/install/dobot_msgs_v4
[0.345s] -- Found ament_cmake: 1.3.12 (/opt/ros/humble/share/ament_cmake/cmake)
[0.345s] -- Found rclcpp: 16.0.14 (/opt/ros/humble/share/rclcpp/cmake)
[0.346s] -- Found rosidl_generator_c: 3.1.7 (/opt/ros/humble/share/rosidl_generator_c/cmake)
[0.346s] -- Found rosidl_adapter: 3.1.7 (/opt/ros/humble/share/rosidl_adapter/cmake)
[0.346s] -- Found rosidl_generator_cpp: 3.1.7 (/opt/ros/humble/share/rosidl_generator_cpp/cmake)
[0.346s] -- Using all available rosidl_typesupport_c: rosidl_typesupport_fastrtps_c;rosidl_typesupport_introspection_c
[0.346s] -- Using all available rosidl_typesupport_cpp: rosidl_typesupport_fastrtps_cpp;rosidl_typesupport_introspection_cpp
[0.346s] -- Found rmw_implementation_cmake: 6.1.2 (/opt/ros/humble/share/rmw_implementation_cmake/cmake)
[0.346s] -- Found rmw_fastrtps_cpp: 6.2.8 (/opt/ros/humble/share/rmw_fastrtps_cpp/cmake)
[0.346s] -- Using RMW implementation 'rmw_fastrtps_cpp' as default
[0.346s] -- Found rosidl_default_generators: 1.2.0 (/opt/ros/humble/share/rosidl_default_generators/cmake)
[0.921s] -- Found ament_cmake_ros: 0.10.0 (/opt/ros/humble/share/ament_cmake_ros/cmake)
[1.243s] -- Using all available rosidl_typesupport_c: rosidl_typesupport_fastrtps_c;rosidl_typesupport_introspection_c
[1.338s] -- Using all available rosidl_typesupport_cpp: rosidl_typesupport_fastrtps_cpp;rosidl_typesupport_introspection_cpp
[1.351s] -- Found PythonInterp: /home/robot/miniconda3/envs/ros2/bin/python3 (found suitable version "3.10.18", minimum required is "3.6") 
[1.355s] -- Found python_cmake_module: 0.10.0 (/opt/ros/humble/share/python_cmake_module/cmake)
[1.371s] -- Found PythonLibs: /home/robot/miniconda3/envs/ros2/lib/libpython3.10.so (found suitable version "3.10.18", minimum required is "3.5") 
[1.371s] -- Using PYTHON_EXECUTABLE: /home/robot/miniconda3/envs/ros2/bin/python3
[1.371s] -- Using PYTHON_INCLUDE_DIRS: /home/robot/miniconda3/envs/ros2/include/python3.10
[1.371s] -- Using PYTHON_LIBRARIES: /home/robot/miniconda3/envs/ros2/lib/libpython3.10.so
[1.381s] -- Found PythonExtra: .so  
[1.423s] Traceback (most recent call last):
[1.423s]   File "<string>", line 1, in <module>
[1.423s] ModuleNotFoundError: No module named 'numpy'
[1.424s] [31mCMake Error at /opt/ros/humble/share/rosidl_generator_py/cmake/rosidl_generator_py_generate_interfaces.cmake:204 (message):
[1.424s]   execute_process(/home/robot/miniconda3/envs/ros2/bin/python3 -c 'import
[1.424s]   numpy;print(numpy.get_include())') returned error code 1
[1.424s] Call Stack (most recent call first):
[1.424s]   /opt/ros/humble/share/ament_cmake_core/cmake/core/ament_execute_extensions.cmake:48 (include)
[1.424s]   /opt/ros/humble/share/rosidl_cmake/cmake/rosidl_generate_interfaces.cmake:286 (ament_execute_extensions)
[1.424s]   CMakeLists.txt:128 (rosidl_generate_interfaces)
[1.424s] 
[1.424s] [0m
[1.424s] -- Configuring incomplete, errors occurred!
[1.424s] See also "/home/robot/DOBOT_6Axis_ROS2_V4/build/dobot_msgs_v4/CMakeFiles/CMakeOutput.log".
[1.434s] Invoked command in '/home/robot/DOBOT_6Axis_ROS2_V4/build/dobot_msgs_v4' returned '1': CMAKE_PREFIX_PATH=/opt/ros/humble CONDA_PROMPT_MODIFIER=(ros2) /usr/bin/cmake /home/robot/DOBOT_6Axis_ROS2_V4/dobot_msgs_v4 -DCMAKE_INSTALL_PREFIX=/home/robot/DOBOT_6Axis_ROS2_V4/install/dobot_msgs_v4
