[0.020s] Invoking command in '/home/robot/DOBOT_6Axis_ROS2_V4/build/dobot_msgs_v4': CMAKE_PREFIX_PATH=/opt/ros/humble CONDA_PROMPT_MODIFIER=(ros2) /usr/bin/cmake /home/robot/DOBOT_6Axis_ROS2_V4/dobot_msgs_v4 -DCMAKE_INSTALL_PREFIX=/home/robot/DOBOT_6Axis_ROS2_V4/install/dobot_msgs_v4
[0.352s] -- The C compiler identification is GNU 11.4.0
[0.352s] -- The CXX compiler identification is GNU 11.4.0
[0.352s] -- Detecting C compiler ABI info
[0.352s] -- Detecting C compiler ABI info - done
[0.352s] -- Check for working C compiler: /usr/bin/cc - skipped
[0.352s] -- Detecting C compile features
[0.352s] -- Detecting C compile features - done
[0.352s] -- Detecting CXX compiler ABI info
[0.352s] -- Detecting CXX compiler ABI info - done
[0.352s] -- Check for working CXX compiler: /usr/bin/c++ - skipped
[0.352s] -- Detecting CXX compile features
[0.353s] -- Detecting CXX compile features - done
[0.353s] -- Found ament_cmake: 1.3.12 (/opt/ros/humble/share/ament_cmake/cmake)
[0.554s] -- Found Python3: /home/robot/miniconda3/envs/ros2/bin/python3 (found version "3.10.18") found components: Interpreter 
[0.661s] -- Found rclcpp: 16.0.14 (/opt/ros/humble/share/rclcpp/cmake)
[0.741s] -- Found rosidl_generator_c: 3.1.7 (/opt/ros/humble/share/rosidl_generator_c/cmake)
[0.749s] -- Found rosidl_adapter: 3.1.7 (/opt/ros/humble/share/rosidl_adapter/cmake)
[0.763s] -- Found rosidl_generator_cpp: 3.1.7 (/opt/ros/humble/share/rosidl_generator_cpp/cmake)
[0.786s] -- Using all available rosidl_typesupport_c: rosidl_typesupport_fastrtps_c;rosidl_typesupport_introspection_c
[0.812s] -- Using all available rosidl_typesupport_cpp: rosidl_typesupport_fastrtps_cpp;rosidl_typesupport_introspection_cpp
[0.880s] -- Found rmw_implementation_cmake: 6.1.2 (/opt/ros/humble/share/rmw_implementation_cmake/cmake)
[0.885s] -- Found rmw_fastrtps_cpp: 6.2.8 (/opt/ros/humble/share/rmw_fastrtps_cpp/cmake)
[1.028s] -- Found OpenSSL: /usr/lib/x86_64-linux-gnu/libcrypto.so (found version "3.0.2")  
[1.078s] -- Found FastRTPS: /opt/ros/humble/include  
[1.143s] -- Using RMW implementation 'rmw_fastrtps_cpp' as default
[1.172s] -- Looking for pthread.h
[1.262s] -- Looking for pthread.h - found
[1.262s] -- Performing Test CMAKE_HAVE_LIBC_PTHREAD
[1.374s] -- Performing Test CMAKE_HAVE_LIBC_PTHREAD - Success
[1.379s] -- Found Threads: TRUE  
[1.511s] -- Found rosidl_default_generators: 1.2.0 (/opt/ros/humble/share/rosidl_default_generators/cmake)
[1.677s] -- Configuring incomplete, errors occurred!
[1.677s] See also "/home/robot/DOBOT_6Axis_ROS2_V4/build/dobot_msgs_v4/CMakeFiles/CMakeOutput.log".
[1.679s] [31mCMake Error at /opt/ros/humble/share/rosidl_adapter/cmake/rosidl_adapt_interfaces.cmake:59 (message):
[1.680s]   execute_process(/home/robot/miniconda3/envs/ros2/bin/python3 -m
[1.680s]   rosidl_adapter --package-name dobot_msgs_v4 --arguments-file
[1.680s]   /home/robot/DOBOT_6Axis_ROS2_V4/build/dobot_msgs_v4/rosidl_adapter__arguments__dobot_msgs_v4.json
[1.680s]   --output-dir
[1.680s]   /home/robot/DOBOT_6Axis_ROS2_V4/build/dobot_msgs_v4/rosidl_adapter/dobot_msgs_v4
[1.680s]   --output-file
[1.680s]   /home/robot/DOBOT_6Axis_ROS2_V4/build/dobot_msgs_v4/rosidl_adapter/dobot_msgs_v4.idls)
[1.680s]   returned error code 1:
[1.680s] 
[1.680s]   Traceback (most recent call last):
[1.680s] 
[1.680s]     File "/home/robot/miniconda3/envs/ros2/lib/python3.10/runpy.py", line 196, in _run_module_as_main
[1.680s]       return _run_code(code, main_globals, None,
[1.680s]     File "/home/robot/miniconda3/envs/ros2/lib/python3.10/runpy.py", line 86, in _run_code
[1.680s]       exec(code, run_globals)
[1.680s]     File "/opt/ros/humble/local/lib/python3.10/dist-packages/rosidl_adapter/__main__.py", line 19, in <module>
[1.680s]       sys.exit(main())
[1.680s]     File "/opt/ros/humble/local/lib/python3.10/dist-packages/rosidl_adapter/main.py", line 53, in main
[1.680s]       abs_idl_file = convert_to_idl(
[1.680s]     File "/opt/ros/humble/local/lib/python3.10/dist-packages/rosidl_adapter/__init__.py", line 18, in convert_to_idl
[1.680s]       from rosidl_adapter.msg import convert_msg_to_idl
[1.680s]     File "/opt/ros/humble/local/lib/python3.10/dist-packages/rosidl_adapter/msg/__init__.py", line 16, in <module>
[1.680s]       from rosidl_adapter.resource import expand_template
[1.681s]     File "/opt/ros/humble/local/lib/python3.10/dist-packages/rosidl_adapter/resource/__init__.py", line 19, in <module>
[1.681s]       import em
[1.681s] 
[1.681s]   ModuleNotFoundError: No module named 'em'
[1.681s] 
[1.681s] Call Stack (most recent call first):
[1.681s]   /opt/ros/humble/share/rosidl_cmake/cmake/rosidl_generate_interfaces.cmake:130 (rosidl_adapt_interfaces)
[1.681s]   CMakeLists.txt:128 (rosidl_generate_interfaces)
[1.681s] 
[1.681s] [0m
[1.697s] Invoked command in '/home/robot/DOBOT_6Axis_ROS2_V4/build/dobot_msgs_v4' returned '1': CMAKE_PREFIX_PATH=/opt/ros/humble CONDA_PROMPT_MODIFIER=(ros2) /usr/bin/cmake /home/robot/DOBOT_6Axis_ROS2_V4/dobot_msgs_v4 -DCMAKE_INSTALL_PREFIX=/home/robot/DOBOT_6Axis_ROS2_V4/install/dobot_msgs_v4
