[0.845s] Invoking command in '/home/robot/DOBOT_6Axis_ROS2_V4/servo_action': CONDA_PROMPT_MODIFIER=(ros2) PYTHONPATH=/home/robot/DOBOT_6Axis_ROS2_V4/build/servo_action/prefix_override:/usr/lib/python3/dist-packages/colcon_core/task/python/colcon_distutils_commands:/home/robot/DOBOT_6Axis_ROS2_V4/install/servo_action/lib/python3.10/site-packages:${PYTHONPATH} /usr/bin/python3 -W ignore:setup.py install is deprecated -W ignore:easy_install command is deprecated setup.py egg_info --egg-base ../build/servo_action build --build-base /home/robot/DOBOT_6Axis_ROS2_V4/build/servo_action/build install --record /home/robot/DOBOT_6Axis_ROS2_V4/build/servo_action/install.log --single-version-externally-managed install_data
[0.994s] running egg_info
[0.994s] writing ../build/servo_action/servo_action.egg-info/PKG-INFO
[0.994s] writing dependency_links to ../build/servo_action/servo_action.egg-info/dependency_links.txt
[0.994s] writing entry points to ../build/servo_action/servo_action.egg-info/entry_points.txt
[0.995s] writing requirements to ../build/servo_action/servo_action.egg-info/requires.txt
[0.995s] writing top-level names to ../build/servo_action/servo_action.egg-info/top_level.txt
[0.995s] reading manifest file '../build/servo_action/servo_action.egg-info/SOURCES.txt'
[0.996s] writing manifest file '../build/servo_action/servo_action.egg-info/SOURCES.txt'
[0.996s] running build
[0.996s] running build_py
[0.996s] running install
[0.996s] running install_lib
[0.997s] running install_data
[0.997s] running install_egg_info
[0.999s] removing '/home/robot/DOBOT_6Axis_ROS2_V4/install/servo_action/lib/python3.10/site-packages/servo_action-0.0.0-py3.10.egg-info' (and everything under it)
[0.999s] Copying ../build/servo_action/servo_action.egg-info to /home/robot/DOBOT_6Axis_ROS2_V4/install/servo_action/lib/python3.10/site-packages/servo_action-0.0.0-py3.10.egg-info
[0.999s] running install_scripts
[1.012s] Installing Joint_Position script to /home/robot/DOBOT_6Axis_ROS2_V4/install/servo_action/lib/servo_action
[1.012s] Installing action_move_client script to /home/robot/DOBOT_6Axis_ROS2_V4/install/servo_action/lib/servo_action
[1.012s] writing list of installed files to '/home/robot/DOBOT_6Axis_ROS2_V4/build/servo_action/install.log'
[1.036s] Invoked command in '/home/robot/DOBOT_6Axis_ROS2_V4/servo_action' returned '0': CONDA_PROMPT_MODIFIER=(ros2) PYTHONPATH=/home/robot/DOBOT_6Axis_ROS2_V4/build/servo_action/prefix_override:/usr/lib/python3/dist-packages/colcon_core/task/python/colcon_distutils_commands:/home/robot/DOBOT_6Axis_ROS2_V4/install/servo_action/lib/python3.10/site-packages:${PYTHONPATH} /usr/bin/python3 -W ignore:setup.py install is deprecated -W ignore:easy_install command is deprecated setup.py egg_info --egg-base ../build/servo_action build --build-base /home/robot/DOBOT_6Axis_ROS2_V4/build/servo_action/build install --record /home/robot/DOBOT_6Axis_ROS2_V4/build/servo_action/install.log --single-version-externally-managed install_data
