-- Found ament_cmake: 1.3.12 (/opt/ros/humble/share/ament_cmake/cmake)
-- Found rclcpp: 16.0.14 (/opt/ros/humble/share/rclcpp/cmake)
-- Found rosidl_generator_c: 3.1.7 (/opt/ros/humble/share/rosidl_generator_c/cmake)
-- Found rosidl_adapter: 3.1.7 (/opt/ros/humble/share/rosidl_adapter/cmake)
-- Found rosidl_generator_cpp: 3.1.7 (/opt/ros/humble/share/rosidl_generator_cpp/cmake)
-- Using all available rosidl_typesupport_c: rosidl_typesupport_fastrtps_c;rosidl_typesupport_introspection_c
-- Using all available rosidl_typesupport_cpp: rosidl_typesupport_fastrtps_cpp;rosidl_typesupport_introspection_cpp
-- Found rmw_implementation_cmake: 6.1.2 (/opt/ros/humble/share/rmw_implementation_cmake/cmake)
-- Found rmw_fastrtps_cpp: 6.2.8 (/opt/ros/humble/share/rmw_fastrtps_cpp/cmake)
-- Using RMW implementation 'rmw_fastrtps_cpp' as default
-- Found rosidl_default_generators: 1.2.0 (/opt/ros/humble/share/rosidl_default_generators/cmake)
-- Found ament_cmake_ros: 0.10.0 (/opt/ros/humble/share/ament_cmake_ros/cmake)
-- Using all available rosidl_typesupport_c: rosidl_typesupport_fastrtps_c;rosidl_typesupport_introspection_c
-- Using all available rosidl_typesupport_cpp: rosidl_typesupport_fastrtps_cpp;rosidl_typesupport_introspection_cpp
-- Found python_cmake_module: 0.10.0 (/opt/ros/humble/share/python_cmake_module/cmake)
-- Using PYTHON_EXECUTABLE: /home/robot/miniconda3/envs/ros2/bin/python3
-- Using PYTHON_INCLUDE_DIRS: /home/robot/miniconda3/envs/ros2/include/python3.10
-- Using PYTHON_LIBRARIES: /home/robot/miniconda3/envs/ros2/lib/libpython3.10.so
-- Using numpy include directory: /home/robot/miniconda3/envs/ros2/lib/python3.10/site-packages/numpy/core/include
-- Configuring done
-- Generating done
-- Build files have been written to: /home/robot/DOBOT_6Axis_ROS2_V4/build/dobot_msgs_v4
[  0%] [34m[1mGenerating C code for ROS interfaces[0m
[  0%] Built target ament_cmake_python_copy_dobot_msgs_v4
[  0%] [34m[1mGenerating C++ code for ROS interfaces[0m
running egg_info
creating dobot_msgs_v4.egg-info
writing dobot_msgs_v4.egg-info/PKG-INFO
writing dependency_links to dobot_msgs_v4.egg-info/dependency_links.txt
writing top-level names to dobot_msgs_v4.egg-info/top_level.txt
writing manifest file 'dobot_msgs_v4.egg-info/SOURCES.txt'
reading manifest file 'dobot_msgs_v4.egg-info/SOURCES.txt'
writing manifest file 'dobot_msgs_v4.egg-info/SOURCES.txt'
[  0%] Built target ament_cmake_python_build_dobot_msgs_v4_egg
