/home/robot/DOBOT_6Axis_ROS2_V4/install/dobot_moveit/lib/python3.10/site-packages/dobot_moveit/joint_states.py
/home/robot/DOBOT_6Axis_ROS2_V4/install/dobot_moveit/lib/python3.10/site-packages/dobot_moveit/action_move_server.py
/home/robot/DOBOT_6Axis_ROS2_V4/install/dobot_moveit/lib/python3.10/site-packages/dobot_moveit/__init__.py
/home/robot/DOBOT_6Axis_ROS2_V4/install/dobot_moveit/lib/python3.10/site-packages/dobot_moveit/__pycache__/joint_states.cpython-310.pyc
/home/robot/DOBOT_6Axis_ROS2_V4/install/dobot_moveit/lib/python3.10/site-packages/dobot_moveit/__pycache__/action_move_server.cpython-310.pyc
/home/robot/DOBOT_6Axis_ROS2_V4/install/dobot_moveit/lib/python3.10/site-packages/dobot_moveit/__pycache__/__init__.cpython-310.pyc
/home/robot/DOBOT_6Axis_ROS2_V4/install/dobot_moveit/share/ament_index/resource_index/packages/dobot_moveit
/home/robot/DOBOT_6Axis_ROS2_V4/install/dobot_moveit/share/dobot_moveit/package.xml
/home/robot/DOBOT_6Axis_ROS2_V4/install/dobot_moveit/share/dobot_moveit/launch/dobot_joint.launch.py
/home/robot/DOBOT_6Axis_ROS2_V4/install/dobot_moveit/share/dobot_moveit/launch/dobot_moveit.launch.py
/home/robot/DOBOT_6Axis_ROS2_V4/install/dobot_moveit/share/dobot_moveit/launch/moveit_demo.launch.py
/home/robot/DOBOT_6Axis_ROS2_V4/install/dobot_moveit/share/dobot_moveit/launch/moveit_gazebo.launch.py
/home/robot/DOBOT_6Axis_ROS2_V4/install/dobot_moveit/lib/python3.10/site-packages/dobot_moveit-0.0.0-py3.10.egg-info/top_level.txt
/home/robot/DOBOT_6Axis_ROS2_V4/install/dobot_moveit/lib/python3.10/site-packages/dobot_moveit-0.0.0-py3.10.egg-info/requires.txt
/home/robot/DOBOT_6Axis_ROS2_V4/install/dobot_moveit/lib/python3.10/site-packages/dobot_moveit-0.0.0-py3.10.egg-info/dependency_links.txt
/home/robot/DOBOT_6Axis_ROS2_V4/install/dobot_moveit/lib/python3.10/site-packages/dobot_moveit-0.0.0-py3.10.egg-info/PKG-INFO
/home/robot/DOBOT_6Axis_ROS2_V4/install/dobot_moveit/lib/python3.10/site-packages/dobot_moveit-0.0.0-py3.10.egg-info/zip-safe
/home/robot/DOBOT_6Axis_ROS2_V4/install/dobot_moveit/lib/python3.10/site-packages/dobot_moveit-0.0.0-py3.10.egg-info/entry_points.txt
/home/robot/DOBOT_6Axis_ROS2_V4/install/dobot_moveit/lib/python3.10/site-packages/dobot_moveit-0.0.0-py3.10.egg-info/SOURCES.txt
/home/robot/DOBOT_6Axis_ROS2_V4/install/dobot_moveit/lib/dobot_moveit/action_move_server
/home/robot/DOBOT_6Axis_ROS2_V4/install/dobot_moveit/lib/dobot_moveit/joint_states
