[0.859s] Invoking command in '/home/robot/DOBOT_6Axis_ROS2_V4/dobot_demo': CONDA_PROMPT_MODIFIER=(ros2) PYTHONPATH=/home/robot/DOBOT_6Axis_ROS2_V4/build/dobot_demo/prefix_override:/usr/lib/python3/dist-packages/colcon_core/task/python/colcon_distutils_commands:/home/robot/DOBOT_6Axis_ROS2_V4/install/dobot_demo/lib/python3.10/site-packages:${PYTHONPATH} /usr/bin/python3 -W ignore:setup.py install is deprecated -W ignore:easy_install command is deprecated setup.py egg_info --egg-base ../build/dobot_demo build --build-base /home/robot/DOBOT_6Axis_ROS2_V4/build/dobot_demo/build install --record /home/robot/DOBOT_6Axis_ROS2_V4/build/dobot_demo/install.log --single-version-externally-managed install_data
[1.000s] running egg_info
[1.000s] writing ../build/dobot_demo/dobot_demo.egg-info/PKG-INFO
[1.001s] writing dependency_links to ../build/dobot_demo/dobot_demo.egg-info/dependency_links.txt
[1.001s] writing entry points to ../build/dobot_demo/dobot_demo.egg-info/entry_points.txt
[1.001s] writing requirements to ../build/dobot_demo/dobot_demo.egg-info/requires.txt
[1.001s] writing top-level names to ../build/dobot_demo/dobot_demo.egg-info/top_level.txt
[1.001s] reading manifest file '../build/dobot_demo/dobot_demo.egg-info/SOURCES.txt'
[1.002s] writing manifest file '../build/dobot_demo/dobot_demo.egg-info/SOURCES.txt'
[1.002s] running build
[1.002s] running build_py
[1.002s] running install
[1.003s] running install_lib
[1.003s] running install_data
[1.003s] running install_egg_info
[1.005s] removing '/home/robot/DOBOT_6Axis_ROS2_V4/install/dobot_demo/lib/python3.10/site-packages/dobot_demo-0.0.0-py3.10.egg-info' (and everything under it)
[1.005s] Copying ../build/dobot_demo/dobot_demo.egg-info to /home/robot/DOBOT_6Axis_ROS2_V4/install/dobot_demo/lib/python3.10/site-packages/dobot_demo-0.0.0-py3.10.egg-info
[1.005s] running install_scripts
[1.018s] Installing demo script to /home/robot/DOBOT_6Axis_ROS2_V4/install/dobot_demo/lib/dobot_demo
[1.018s] writing list of installed files to '/home/robot/DOBOT_6Axis_ROS2_V4/build/dobot_demo/install.log'
[1.047s] Invoked command in '/home/robot/DOBOT_6Axis_ROS2_V4/dobot_demo' returned '0': CONDA_PROMPT_MODIFIER=(ros2) PYTHONPATH=/home/robot/DOBOT_6Axis_ROS2_V4/build/dobot_demo/prefix_override:/usr/lib/python3/dist-packages/colcon_core/task/python/colcon_distutils_commands:/home/robot/DOBOT_6Axis_ROS2_V4/install/dobot_demo/lib/python3.10/site-packages:${PYTHONPATH} /usr/bin/python3 -W ignore:setup.py install is deprecated -W ignore:easy_install command is deprecated setup.py egg_info --egg-base ../build/dobot_demo build --build-base /home/robot/DOBOT_6Axis_ROS2_V4/build/dobot_demo/build install --record /home/robot/DOBOT_6Axis_ROS2_V4/build/dobot_demo/install.log --single-version-externally-managed install_data
