[0.065s] Invoking command in '/home/robot/DOBOT_6Axis_ROS2_V4/build/cr20_moveit': AMENT_PREFIX_PATH=/home/robot/DOBOT_6Axis_ROS2_V4/install/dobot_rviz:${AMENT_PREFIX_PATH} CMAKE_PREFIX_PATH=/home/robot/DOBOT_6Axis_ROS2_V4/install/dobot_rviz:/opt/ros/humble CONDA_PROMPT_MODIFIER=(ros2) /usr/bin/cmake --build /home/robot/DOBOT_6Axis_ROS2_V4/build/cr20_moveit -- -j18 -l18
[0.118s] Invoked command in '/home/robot/DOBOT_6Axis_ROS2_V4/build/cr20_moveit' returned '0': AMENT_PREFIX_PATH=/home/robot/DOBOT_6Axis_ROS2_V4/install/dobot_rviz:${AMENT_PREFIX_PATH} CMAKE_PREFIX_PATH=/home/robot/DOBOT_6Axis_ROS2_V4/install/dobot_rviz:/opt/ros/humble CONDA_PROMPT_MODIFIER=(ros2) /usr/bin/cmake --build /home/robot/DOBOT_6Axis_ROS2_V4/build/cr20_moveit -- -j18 -l18
[0.121s] Invoking command in '/home/robot/DOBOT_6Axis_ROS2_V4/build/cr20_moveit': AMENT_PREFIX_PATH=/home/robot/DOBOT_6Axis_ROS2_V4/install/dobot_rviz:${AMENT_PREFIX_PATH} CMAKE_PREFIX_PATH=/home/robot/DOBOT_6Axis_ROS2_V4/install/dobot_rviz:/opt/ros/humble CONDA_PROMPT_MODIFIER=(ros2) /usr/bin/cmake --install /home/robot/DOBOT_6Axis_ROS2_V4/build/cr20_moveit
[0.130s] -- Install configuration: ""
[0.130s] -- Installing: /home/robot/DOBOT_6Axis_ROS2_V4/install/cr20_moveit/share/ament_index/resource_index/package_run_dependencies/cr20_moveit
[0.143s] -- Installing: /home/robot/DOBOT_6Axis_ROS2_V4/install/cr20_moveit/share/ament_index/resource_index/parent_prefix_path/cr20_moveit
[0.143s] -- Installing: /home/robot/DOBOT_6Axis_ROS2_V4/install/cr20_moveit/share/cr20_moveit/environment/ament_prefix_path.sh
[0.143s] -- Installing: /home/robot/DOBOT_6Axis_ROS2_V4/install/cr20_moveit/share/cr20_moveit/environment/ament_prefix_path.dsv
[0.143s] -- Installing: /home/robot/DOBOT_6Axis_ROS2_V4/install/cr20_moveit/share/cr20_moveit/environment/path.sh
[0.144s] -- Installing: /home/robot/DOBOT_6Axis_ROS2_V4/install/cr20_moveit/share/cr20_moveit/environment/path.dsv
[0.144s] -- Installing: /home/robot/DOBOT_6Axis_ROS2_V4/install/cr20_moveit/share/cr20_moveit/local_setup.bash
[0.145s] -- Installing: /home/robot/DOBOT_6Axis_ROS2_V4/install/cr20_moveit/share/cr20_moveit/local_setup.sh
[0.145s] -- Installing: /home/robot/DOBOT_6Axis_ROS2_V4/install/cr20_moveit/share/cr20_moveit/local_setup.zsh
[0.145s] -- Installing: /home/robot/DOBOT_6Axis_ROS2_V4/install/cr20_moveit/share/cr20_moveit/local_setup.dsv
[0.146s] -- Installing: /home/robot/DOBOT_6Axis_ROS2_V4/install/cr20_moveit/share/cr20_moveit/package.dsv
[0.146s] -- Installing: /home/robot/DOBOT_6Axis_ROS2_V4/install/cr20_moveit/share/ament_index/resource_index/packages/cr20_moveit
[0.148s] -- Installing: /home/robot/DOBOT_6Axis_ROS2_V4/install/cr20_moveit/share/cr20_moveit/cmake/cr20_moveitConfig.cmake
[0.148s] -- Installing: /home/robot/DOBOT_6Axis_ROS2_V4/install/cr20_moveit/share/cr20_moveit/cmake/cr20_moveitConfig-version.cmake
[0.148s] -- Installing: /home/robot/DOBOT_6Axis_ROS2_V4/install/cr20_moveit/share/cr20_moveit/package.xml
[0.148s] -- Installing: /home/robot/DOBOT_6Axis_ROS2_V4/install/cr20_moveit/share/cr20_moveit/launch
[0.148s] -- Installing: /home/robot/DOBOT_6Axis_ROS2_V4/install/cr20_moveit/share/cr20_moveit/launch/spawn_controllers.launch.py
[0.148s] -- Installing: /home/robot/DOBOT_6Axis_ROS2_V4/install/cr20_moveit/share/cr20_moveit/launch/static_virtual_joint_tfs.launch.py
[0.148s] -- Installing: /home/robot/DOBOT_6Axis_ROS2_V4/install/cr20_moveit/share/cr20_moveit/launch/dobot_moveit.launch.py
[0.148s] -- Installing: /home/robot/DOBOT_6Axis_ROS2_V4/install/cr20_moveit/share/cr20_moveit/launch/demo.launch.py
[0.149s] -- Installing: /home/robot/DOBOT_6Axis_ROS2_V4/install/cr20_moveit/share/cr20_moveit/launch/moveit_rviz.launch.py
[0.149s] -- Installing: /home/robot/DOBOT_6Axis_ROS2_V4/install/cr20_moveit/share/cr20_moveit/launch/move_group.launch.py
[0.149s] -- Installing: /home/robot/DOBOT_6Axis_ROS2_V4/install/cr20_moveit/share/cr20_moveit/launch/setup_assistant.launch.py
[0.149s] -- Installing: /home/robot/DOBOT_6Axis_ROS2_V4/install/cr20_moveit/share/cr20_moveit/launch/moveit_gazebo.launch.py
[0.150s] -- Installing: /home/robot/DOBOT_6Axis_ROS2_V4/install/cr20_moveit/share/cr20_moveit/launch/warehouse_db.launch.py
[0.150s] -- Installing: /home/robot/DOBOT_6Axis_ROS2_V4/install/cr20_moveit/share/cr20_moveit/launch/rsp.launch.py
[0.150s] -- Installing: /home/robot/DOBOT_6Axis_ROS2_V4/install/cr20_moveit/share/cr20_moveit/config
[0.151s] -- Installing: /home/robot/DOBOT_6Axis_ROS2_V4/install/cr20_moveit/share/cr20_moveit/config/cr20_robot.ros2_control.xacro
[0.153s] -- Installing: /home/robot/DOBOT_6Axis_ROS2_V4/install/cr20_moveit/share/cr20_moveit/config/initial_positions.yaml
[0.153s] -- Installing: /home/robot/DOBOT_6Axis_ROS2_V4/install/cr20_moveit/share/cr20_moveit/config/kinematics.yaml
[0.153s] -- Installing: /home/robot/DOBOT_6Axis_ROS2_V4/install/cr20_moveit/share/cr20_moveit/config/moveit_controllers.yaml
[0.153s] -- Installing: /home/robot/DOBOT_6Axis_ROS2_V4/install/cr20_moveit/share/cr20_moveit/config/ros2_controllers.yaml
[0.153s] -- Installing: /home/robot/DOBOT_6Axis_ROS2_V4/install/cr20_moveit/share/cr20_moveit/config/moveit.rviz
[0.153s] -- Installing: /home/robot/DOBOT_6Axis_ROS2_V4/install/cr20_moveit/share/cr20_moveit/config/cr20_robot.srdf
[0.153s] -- Installing: /home/robot/DOBOT_6Axis_ROS2_V4/install/cr20_moveit/share/cr20_moveit/config/pilz_cartesian_limits.yaml
[0.153s] -- Installing: /home/robot/DOBOT_6Axis_ROS2_V4/install/cr20_moveit/share/cr20_moveit/config/cr20_robot.urdf.xacro
[0.154s] -- Installing: /home/robot/DOBOT_6Axis_ROS2_V4/install/cr20_moveit/share/cr20_moveit/config/joint_limits.yaml
[0.154s] -- Installing: /home/robot/DOBOT_6Axis_ROS2_V4/install/cr20_moveit/share/cr20_moveit/.setup_assistant
[0.207s] Invoked command in '/home/robot/DOBOT_6Axis_ROS2_V4/build/cr20_moveit' returned '0': AMENT_PREFIX_PATH=/home/robot/DOBOT_6Axis_ROS2_V4/install/dobot_rviz:${AMENT_PREFIX_PATH} CMAKE_PREFIX_PATH=/home/robot/DOBOT_6Axis_ROS2_V4/install/dobot_rviz:/opt/ros/humble CONDA_PROMPT_MODIFIER=(ros2) /usr/bin/cmake --install /home/robot/DOBOT_6Axis_ROS2_V4/build/cr20_moveit
