[0.066s] Invoking command in '/home/robot/DOBOT_6Axis_ROS2_V4/build/dobot_gazebo': AMENT_PREFIX_PATH=/home/robot/DOBOT_6Axis_ROS2_V4/install/cra_description:${AMENT_PREFIX_PATH} CMAKE_PREFIX_PATH=/home/robot/DOBOT_6Axis_ROS2_V4/install/cra_description:/opt/ros/humble CONDA_PROMPT_MODIFIER=(ros2) /usr/bin/cmake --build /home/robot/DOBOT_6Axis_ROS2_V4/build/dobot_gazebo -- -j18 -l18
[0.225s] Invoked command in '/home/robot/DOBOT_6Axis_ROS2_V4/build/dobot_gazebo' returned '0': AMENT_PREFIX_PATH=/home/robot/DOBOT_6Axis_ROS2_V4/install/cra_description:${AMENT_PREFIX_PATH} CMAKE_PREFIX_PATH=/home/robot/DOBOT_6Axis_ROS2_V4/install/cra_description:/opt/ros/humble CONDA_PROMPT_MODIFIER=(ros2) /usr/bin/cmake --build /home/robot/DOBOT_6Axis_ROS2_V4/build/dobot_gazebo -- -j18 -l18
[0.226s] Invoking command in '/home/robot/DOBOT_6Axis_ROS2_V4/build/dobot_gazebo': AMENT_PREFIX_PATH=/home/robot/DOBOT_6Axis_ROS2_V4/install/cra_description:${AMENT_PREFIX_PATH} CMAKE_PREFIX_PATH=/home/robot/DOBOT_6Axis_ROS2_V4/install/cra_description:/opt/ros/humble CONDA_PROMPT_MODIFIER=(ros2) /usr/bin/cmake --install /home/robot/DOBOT_6Axis_ROS2_V4/build/dobot_gazebo
[0.255s] -- Install configuration: ""
[0.255s] -- Installing: /home/robot/DOBOT_6Axis_ROS2_V4/install/dobot_gazebo/share/dobot_gazebo/launch
[0.255s] -- Installing: /home/robot/DOBOT_6Axis_ROS2_V4/install/dobot_gazebo/share/dobot_gazebo/launch/dobot_gazebo.launch.py
[0.255s] -- Installing: /home/robot/DOBOT_6Axis_ROS2_V4/install/dobot_gazebo/share/dobot_gazebo/launch/gazebo_moveit.launch.py
[0.255s] -- Installing: /home/robot/DOBOT_6Axis_ROS2_V4/install/dobot_gazebo/share/dobot_gazebo/worlds
[0.255s] -- Installing: /home/robot/DOBOT_6Axis_ROS2_V4/install/dobot_gazebo/share/dobot_gazebo/worlds/cr.world
[0.255s] -- Installing: /home/robot/DOBOT_6Axis_ROS2_V4/install/dobot_gazebo/share/dobot_gazebo/config
[0.255s] -- Installing: /home/robot/DOBOT_6Axis_ROS2_V4/install/dobot_gazebo/share/dobot_gazebo/config/moveitcpp.rviz
[0.255s] -- Installing: /home/robot/DOBOT_6Axis_ROS2_V4/install/dobot_gazebo/share/ament_index/resource_index/package_run_dependencies/dobot_gazebo
[0.255s] -- Installing: /home/robot/DOBOT_6Axis_ROS2_V4/install/dobot_gazebo/share/ament_index/resource_index/parent_prefix_path/dobot_gazebo
[0.255s] -- Installing: /home/robot/DOBOT_6Axis_ROS2_V4/install/dobot_gazebo/share/dobot_gazebo/environment/ament_prefix_path.sh
[0.255s] -- Installing: /home/robot/DOBOT_6Axis_ROS2_V4/install/dobot_gazebo/share/dobot_gazebo/environment/ament_prefix_path.dsv
[0.255s] -- Installing: /home/robot/DOBOT_6Axis_ROS2_V4/install/dobot_gazebo/share/dobot_gazebo/environment/path.sh
[0.255s] -- Installing: /home/robot/DOBOT_6Axis_ROS2_V4/install/dobot_gazebo/share/dobot_gazebo/environment/path.dsv
[0.255s] -- Installing: /home/robot/DOBOT_6Axis_ROS2_V4/install/dobot_gazebo/share/dobot_gazebo/local_setup.bash
[0.255s] -- Installing: /home/robot/DOBOT_6Axis_ROS2_V4/install/dobot_gazebo/share/dobot_gazebo/local_setup.sh
[0.255s] -- Installing: /home/robot/DOBOT_6Axis_ROS2_V4/install/dobot_gazebo/share/dobot_gazebo/local_setup.zsh
[0.255s] -- Installing: /home/robot/DOBOT_6Axis_ROS2_V4/install/dobot_gazebo/share/dobot_gazebo/local_setup.dsv
[0.255s] -- Installing: /home/robot/DOBOT_6Axis_ROS2_V4/install/dobot_gazebo/share/dobot_gazebo/package.dsv
[0.255s] -- Installing: /home/robot/DOBOT_6Axis_ROS2_V4/install/dobot_gazebo/share/ament_index/resource_index/packages/dobot_gazebo
[0.255s] -- Installing: /home/robot/DOBOT_6Axis_ROS2_V4/install/dobot_gazebo/share/dobot_gazebo/cmake/dobot_gazeboConfig.cmake
[0.255s] -- Installing: /home/robot/DOBOT_6Axis_ROS2_V4/install/dobot_gazebo/share/dobot_gazebo/cmake/dobot_gazeboConfig-version.cmake
[0.255s] -- Installing: /home/robot/DOBOT_6Axis_ROS2_V4/install/dobot_gazebo/share/dobot_gazebo/package.xml
[0.287s] Invoked command in '/home/robot/DOBOT_6Axis_ROS2_V4/build/dobot_gazebo' returned '0': AMENT_PREFIX_PATH=/home/robot/DOBOT_6Axis_ROS2_V4/install/cra_description:${AMENT_PREFIX_PATH} CMAKE_PREFIX_PATH=/home/robot/DOBOT_6Axis_ROS2_V4/install/cra_description:/opt/ros/humble CONDA_PROMPT_MODIFIER=(ros2) /usr/bin/cmake --install /home/robot/DOBOT_6Axis_ROS2_V4/build/dobot_gazebo
