[0.063s] Invoking command in '/home/robot/DOBOT_6Axis_ROS2_V4/build/cr10_moveit': AMENT_PREFIX_PATH=/home/robot/DOBOT_6Axis_ROS2_V4/install/dobot_rviz:${AMENT_PREFIX_PATH} CMAKE_PREFIX_PATH=/home/robot/DOBOT_6Axis_ROS2_V4/install/dobot_rviz:/opt/ros/humble CONDA_PROMPT_MODIFIER=(ros2) /usr/bin/cmake --build /home/robot/DOBOT_6Axis_ROS2_V4/build/cr10_moveit -- -j18 -l18
[0.129s] Invoked command in '/home/robot/DOBOT_6Axis_ROS2_V4/build/cr10_moveit' returned '0': AMENT_PREFIX_PATH=/home/robot/DOBOT_6Axis_ROS2_V4/install/dobot_rviz:${AMENT_PREFIX_PATH} CMAKE_PREFIX_PATH=/home/robot/DOBOT_6Axis_ROS2_V4/install/dobot_rviz:/opt/ros/humble CONDA_PROMPT_MODIFIER=(ros2) /usr/bin/cmake --build /home/robot/DOBOT_6Axis_ROS2_V4/build/cr10_moveit -- -j18 -l18
[0.131s] Invoking command in '/home/robot/DOBOT_6Axis_ROS2_V4/build/cr10_moveit': AMENT_PREFIX_PATH=/home/robot/DOBOT_6Axis_ROS2_V4/install/dobot_rviz:${AMENT_PREFIX_PATH} CMAKE_PREFIX_PATH=/home/robot/DOBOT_6Axis_ROS2_V4/install/dobot_rviz:/opt/ros/humble CONDA_PROMPT_MODIFIER=(ros2) /usr/bin/cmake --install /home/robot/DOBOT_6Axis_ROS2_V4/build/cr10_moveit
[0.158s] -- Install configuration: ""
[0.158s] -- Installing: /home/robot/DOBOT_6Axis_ROS2_V4/install/cr10_moveit/share/ament_index/resource_index/package_run_dependencies/cr10_moveit
[0.160s] -- Installing: /home/robot/DOBOT_6Axis_ROS2_V4/install/cr10_moveit/share/ament_index/resource_index/parent_prefix_path/cr10_moveit
[0.160s] -- Installing: /home/robot/DOBOT_6Axis_ROS2_V4/install/cr10_moveit/share/cr10_moveit/environment/ament_prefix_path.sh
[0.160s] -- Installing: /home/robot/DOBOT_6Axis_ROS2_V4/install/cr10_moveit/share/cr10_moveit/environment/ament_prefix_path.dsv
[0.160s] -- Installing: /home/robot/DOBOT_6Axis_ROS2_V4/install/cr10_moveit/share/cr10_moveit/environment/path.sh
[0.160s] -- Installing: /home/robot/DOBOT_6Axis_ROS2_V4/install/cr10_moveit/share/cr10_moveit/environment/path.dsv
[0.161s] -- Installing: /home/robot/DOBOT_6Axis_ROS2_V4/install/cr10_moveit/share/cr10_moveit/local_setup.bash
[0.161s] -- Installing: /home/robot/DOBOT_6Axis_ROS2_V4/install/cr10_moveit/share/cr10_moveit/local_setup.sh
[0.161s] -- Installing: /home/robot/DOBOT_6Axis_ROS2_V4/install/cr10_moveit/share/cr10_moveit/local_setup.zsh
[0.161s] -- Installing: /home/robot/DOBOT_6Axis_ROS2_V4/install/cr10_moveit/share/cr10_moveit/local_setup.dsv
[0.161s] -- Installing: /home/robot/DOBOT_6Axis_ROS2_V4/install/cr10_moveit/share/cr10_moveit/package.dsv
[0.161s] -- Installing: /home/robot/DOBOT_6Axis_ROS2_V4/install/cr10_moveit/share/ament_index/resource_index/packages/cr10_moveit
[0.161s] -- Installing: /home/robot/DOBOT_6Axis_ROS2_V4/install/cr10_moveit/share/cr10_moveit/cmake/cr10_moveitConfig.cmake
[0.161s] -- Installing: /home/robot/DOBOT_6Axis_ROS2_V4/install/cr10_moveit/share/cr10_moveit/cmake/cr10_moveitConfig-version.cmake
[0.161s] -- Installing: /home/robot/DOBOT_6Axis_ROS2_V4/install/cr10_moveit/share/cr10_moveit/package.xml
[0.162s] -- Installing: /home/robot/DOBOT_6Axis_ROS2_V4/install/cr10_moveit/share/cr10_moveit/launch
[0.162s] -- Installing: /home/robot/DOBOT_6Axis_ROS2_V4/install/cr10_moveit/share/cr10_moveit/launch/spawn_controllers.launch.py
[0.162s] -- Installing: /home/robot/DOBOT_6Axis_ROS2_V4/install/cr10_moveit/share/cr10_moveit/launch/static_virtual_joint_tfs.launch.py
[0.162s] -- Installing: /home/robot/DOBOT_6Axis_ROS2_V4/install/cr10_moveit/share/cr10_moveit/launch/dobot_moveit.launch.py
[0.162s] -- Installing: /home/robot/DOBOT_6Axis_ROS2_V4/install/cr10_moveit/share/cr10_moveit/launch/demo.launch.py
[0.162s] -- Installing: /home/robot/DOBOT_6Axis_ROS2_V4/install/cr10_moveit/share/cr10_moveit/launch/moveit_rviz.launch.py
[0.163s] -- Installing: /home/robot/DOBOT_6Axis_ROS2_V4/install/cr10_moveit/share/cr10_moveit/launch/move_group.launch.py
[0.163s] -- Installing: /home/robot/DOBOT_6Axis_ROS2_V4/install/cr10_moveit/share/cr10_moveit/launch/setup_assistant.launch.py
[0.163s] -- Installing: /home/robot/DOBOT_6Axis_ROS2_V4/install/cr10_moveit/share/cr10_moveit/launch/moveit_gazebo.launch.py
[0.163s] -- Installing: /home/robot/DOBOT_6Axis_ROS2_V4/install/cr10_moveit/share/cr10_moveit/launch/warehouse_db.launch.py
[0.163s] -- Installing: /home/robot/DOBOT_6Axis_ROS2_V4/install/cr10_moveit/share/cr10_moveit/launch/rsp.launch.py
[0.163s] -- Installing: /home/robot/DOBOT_6Axis_ROS2_V4/install/cr10_moveit/share/cr10_moveit/config
[0.163s] -- Installing: /home/robot/DOBOT_6Axis_ROS2_V4/install/cr10_moveit/share/cr10_moveit/config/initial_positions.yaml
[0.163s] -- Installing: /home/robot/DOBOT_6Axis_ROS2_V4/install/cr10_moveit/share/cr10_moveit/config/kinematics.yaml
[0.163s] -- Installing: /home/robot/DOBOT_6Axis_ROS2_V4/install/cr10_moveit/share/cr10_moveit/config/cr10_robot.ros2_control.xacro
[0.163s] -- Installing: /home/robot/DOBOT_6Axis_ROS2_V4/install/cr10_moveit/share/cr10_moveit/config/moveit_controllers.yaml
[0.163s] -- Installing: /home/robot/DOBOT_6Axis_ROS2_V4/install/cr10_moveit/share/cr10_moveit/config/cr10_robot.urdf.xacro
[0.163s] -- Installing: /home/robot/DOBOT_6Axis_ROS2_V4/install/cr10_moveit/share/cr10_moveit/config/cr10_robot.srdf
[0.163s] -- Installing: /home/robot/DOBOT_6Axis_ROS2_V4/install/cr10_moveit/share/cr10_moveit/config/ros2_controllers.yaml
[0.163s] -- Installing: /home/robot/DOBOT_6Axis_ROS2_V4/install/cr10_moveit/share/cr10_moveit/config/moveit.rviz
[0.164s] -- Installing: /home/robot/DOBOT_6Axis_ROS2_V4/install/cr10_moveit/share/cr10_moveit/config/pilz_cartesian_limits.yaml
[0.164s] -- Installing: /home/robot/DOBOT_6Axis_ROS2_V4/install/cr10_moveit/share/cr10_moveit/config/joint_limits.yaml
[0.164s] -- Installing: /home/robot/DOBOT_6Axis_ROS2_V4/install/cr10_moveit/share/cr10_moveit/.setup_assistant
[0.229s] Invoked command in '/home/robot/DOBOT_6Axis_ROS2_V4/build/cr10_moveit' returned '0': AMENT_PREFIX_PATH=/home/robot/DOBOT_6Axis_ROS2_V4/install/dobot_rviz:${AMENT_PREFIX_PATH} CMAKE_PREFIX_PATH=/home/robot/DOBOT_6Axis_ROS2_V4/install/dobot_rviz:/opt/ros/humble CONDA_PROMPT_MODIFIER=(ros2) /usr/bin/cmake --install /home/robot/DOBOT_6Axis_ROS2_V4/build/cr10_moveit
