[0.019s] Invoking command in '/home/robot/DOBOT_6Axis_ROS2_V4/build/cra_description': CMAKE_PREFIX_PATH=/opt/ros/humble CONDA_PROMPT_MODIFIER=(ros2) /usr/bin/cmake --build /home/robot/DOBOT_6Axis_ROS2_V4/build/cra_description -- -j18 -l18
[0.505s] Invoked command in '/home/robot/DOBOT_6Axis_ROS2_V4/build/cra_description' returned '0': CMAKE_PREFIX_PATH=/opt/ros/humble CONDA_PROMPT_MODIFIER=(ros2) /usr/bin/cmake --build /home/robot/DOBOT_6Axis_ROS2_V4/build/cra_description -- -j18 -l18
[0.507s] Invoking command in '/home/robot/DOBOT_6Axis_ROS2_V4/build/cra_description': CMAKE_PREFIX_PATH=/opt/ros/humble CONDA_PROMPT_MODIFIER=(ros2) /usr/bin/cmake --install /home/robot/DOBOT_6Axis_ROS2_V4/build/cra_description
[0.516s] -- Install configuration: ""
[0.520s] -- Up-to-date: /home/robot/DOBOT_6Axis_ROS2_V4/install/cra_description/share/ament_index/resource_index/package_run_dependencies/cra_description
[0.520s] -- Up-to-date: /home/robot/DOBOT_6Axis_ROS2_V4/install/cra_description/share/ament_index/resource_index/parent_prefix_path/cra_description
[0.520s] -- Up-to-date: /home/robot/DOBOT_6Axis_ROS2_V4/install/cra_description/share/cra_description/environment/ament_prefix_path.sh
[0.521s] -- Up-to-date: /home/robot/DOBOT_6Axis_ROS2_V4/install/cra_description/share/cra_description/environment/ament_prefix_path.dsv
[0.521s] -- Up-to-date: /home/robot/DOBOT_6Axis_ROS2_V4/install/cra_description/share/cra_description/environment/path.sh
[0.521s] -- Up-to-date: /home/robot/DOBOT_6Axis_ROS2_V4/install/cra_description/share/cra_description/environment/path.dsv
[0.521s] -- Up-to-date: /home/robot/DOBOT_6Axis_ROS2_V4/install/cra_description/share/cra_description/local_setup.bash
[0.522s] -- Up-to-date: /home/robot/DOBOT_6Axis_ROS2_V4/install/cra_description/share/cra_description/local_setup.sh
[0.523s] -- Up-to-date: /home/robot/DOBOT_6Axis_ROS2_V4/install/cra_description/share/cra_description/local_setup.zsh
[0.523s] -- Up-to-date: /home/robot/DOBOT_6Axis_ROS2_V4/install/cra_description/share/cra_description/local_setup.dsv
[0.523s] -- Installing: /home/robot/DOBOT_6Axis_ROS2_V4/install/cra_description/share/cra_description/package.dsv
[0.523s] -- Up-to-date: /home/robot/DOBOT_6Axis_ROS2_V4/install/cra_description/share/ament_index/resource_index/packages/cra_description
[0.523s] -- Up-to-date: /home/robot/DOBOT_6Axis_ROS2_V4/install/cra_description/share/cra_description/cmake/cra_descriptionConfig.cmake
[0.523s] -- Up-to-date: /home/robot/DOBOT_6Axis_ROS2_V4/install/cra_description/share/cra_description/cmake/cra_descriptionConfig-version.cmake
[0.523s] -- Up-to-date: /home/robot/DOBOT_6Axis_ROS2_V4/install/cra_description/share/cra_description/package.xml
[0.523s] -- Up-to-date: /home/robot/DOBOT_6Axis_ROS2_V4/install/cra_description/share/cra_description/urdf
[0.523s] -- Up-to-date: /home/robot/DOBOT_6Axis_ROS2_V4/install/cra_description/share/cra_description/urdf/me6_robot.xacro
[0.523s] -- Up-to-date: /home/robot/DOBOT_6Axis_ROS2_V4/install/cra_description/share/cra_description/urdf/nova5_robot.xacro
[0.523s] -- Up-to-date: /home/robot/DOBOT_6Axis_ROS2_V4/install/cra_description/share/cra_description/urdf/cr10_robot.xacro
[0.523s] -- Up-to-date: /home/robot/DOBOT_6Axis_ROS2_V4/install/cra_description/share/cra_description/urdf/cr12_robot.xacro
[0.523s] -- Up-to-date: /home/robot/DOBOT_6Axis_ROS2_V4/install/cra_description/share/cra_description/urdf/cr16_robot.xacro
[0.523s] -- Up-to-date: /home/robot/DOBOT_6Axis_ROS2_V4/install/cra_description/share/cra_description/urdf/nova2_robot.xacro
[0.524s] -- Up-to-date: /home/robot/DOBOT_6Axis_ROS2_V4/install/cra_description/share/cra_description/urdf/cr30h_robot.xacro
[0.524s] -- Up-to-date: /home/robot/DOBOT_6Axis_ROS2_V4/install/cra_description/share/cra_description/urdf/cr5_robot.xacro
[0.524s] -- Up-to-date: /home/robot/DOBOT_6Axis_ROS2_V4/install/cra_description/share/cra_description/urdf/cr20_robot.xacro
[0.524s] -- Up-to-date: /home/robot/DOBOT_6Axis_ROS2_V4/install/cra_description/share/cra_description/urdf/cr3_robot.xacro
[0.524s] -- Up-to-date: /home/robot/DOBOT_6Axis_ROS2_V4/install/cra_description/share/cra_description/urdf/cr7_robot.xacro
[0.524s] -- Up-to-date: /home/robot/DOBOT_6Axis_ROS2_V4/install/cra_description/share/cra_description/meshes
[0.524s] -- Up-to-date: /home/robot/DOBOT_6Axis_ROS2_V4/install/cra_description/share/cra_description/meshes/nova5
[0.524s] -- Up-to-date: /home/robot/DOBOT_6Axis_ROS2_V4/install/cra_description/share/cra_description/meshes/nova5/Link2.STL
[0.524s] -- Up-to-date: /home/robot/DOBOT_6Axis_ROS2_V4/install/cra_description/share/cra_description/meshes/nova5/Link3.STL
[0.525s] -- Up-to-date: /home/robot/DOBOT_6Axis_ROS2_V4/install/cra_description/share/cra_description/meshes/nova5/Link1.STL
[0.525s] -- Up-to-date: /home/robot/DOBOT_6Axis_ROS2_V4/install/cra_description/share/cra_description/meshes/nova5/Link5.STL
[0.525s] -- Up-to-date: /home/robot/DOBOT_6Axis_ROS2_V4/install/cra_description/share/cra_description/meshes/nova5/Link6.STL
[0.525s] -- Up-to-date: /home/robot/DOBOT_6Axis_ROS2_V4/install/cra_description/share/cra_description/meshes/nova5/base_link.STL
[0.525s] -- Up-to-date: /home/robot/DOBOT_6Axis_ROS2_V4/install/cra_description/share/cra_description/meshes/nova5/Link4.STL
[0.525s] -- Up-to-date: /home/robot/DOBOT_6Axis_ROS2_V4/install/cra_description/share/cra_description/meshes/cr20
[0.525s] -- Up-to-date: /home/robot/DOBOT_6Axis_ROS2_V4/install/cra_description/share/cra_description/meshes/cr20/Link2.STL
[0.525s] -- Up-to-date: /home/robot/DOBOT_6Axis_ROS2_V4/install/cra_description/share/cra_description/meshes/cr20/Link3.STL
[0.525s] -- Up-to-date: /home/robot/DOBOT_6Axis_ROS2_V4/install/cra_description/share/cra_description/meshes/cr20/Link1.STL
[0.525s] -- Up-to-date: /home/robot/DOBOT_6Axis_ROS2_V4/install/cra_description/share/cra_description/meshes/cr20/Link5.STL
[0.525s] -- Up-to-date: /home/robot/DOBOT_6Axis_ROS2_V4/install/cra_description/share/cra_description/meshes/cr20/Link6.STL
[0.525s] -- Up-to-date: /home/robot/DOBOT_6Axis_ROS2_V4/install/cra_description/share/cra_description/meshes/cr20/base_link.STL
[0.525s] -- Up-to-date: /home/robot/DOBOT_6Axis_ROS2_V4/install/cra_description/share/cra_description/meshes/cr20/Link4.STL
[0.526s] -- Up-to-date: /home/robot/DOBOT_6Axis_ROS2_V4/install/cra_description/share/cra_description/meshes/cr7
[0.526s] -- Up-to-date: /home/robot/DOBOT_6Axis_ROS2_V4/install/cra_description/share/cra_description/meshes/cr7/base_link0.STL
[0.526s] -- Up-to-date: /home/robot/DOBOT_6Axis_ROS2_V4/install/cra_description/share/cra_description/meshes/cr7/J5.STL
[0.530s] -- Up-to-date: /home/robot/DOBOT_6Axis_ROS2_V4/install/cra_description/share/cra_description/meshes/cr7/J6.STL
[0.530s] -- Up-to-date: /home/robot/DOBOT_6Axis_ROS2_V4/install/cra_description/share/cra_description/meshes/cr7/J1.STL
[0.531s] -- Up-to-date: /home/robot/DOBOT_6Axis_ROS2_V4/install/cra_description/share/cra_description/meshes/cr7/J3.STL
[0.531s] -- Up-to-date: /home/robot/DOBOT_6Axis_ROS2_V4/install/cra_description/share/cra_description/meshes/cr7/J2.STL
[0.531s] -- Up-to-date: /home/robot/DOBOT_6Axis_ROS2_V4/install/cra_description/share/cra_description/meshes/cr7/J4.STL
[0.531s] -- Up-to-date: /home/robot/DOBOT_6Axis_ROS2_V4/install/cra_description/share/cra_description/meshes/cr30h
[0.531s] -- Up-to-date: /home/robot/DOBOT_6Axis_ROS2_V4/install/cra_description/share/cra_description/meshes/cr30h/Link2.STL
[0.531s] -- Up-to-date: /home/robot/DOBOT_6Axis_ROS2_V4/install/cra_description/share/cra_description/meshes/cr30h/Link3.STL
[0.531s] -- Up-to-date: /home/robot/DOBOT_6Axis_ROS2_V4/install/cra_description/share/cra_description/meshes/cr30h/Link1.STL
[0.531s] -- Up-to-date: /home/robot/DOBOT_6Axis_ROS2_V4/install/cra_description/share/cra_description/meshes/cr30h/Link5.STL
[0.531s] -- Up-to-date: /home/robot/DOBOT_6Axis_ROS2_V4/install/cra_description/share/cra_description/meshes/cr30h/Link6.STL
[0.531s] -- Up-to-date: /home/robot/DOBOT_6Axis_ROS2_V4/install/cra_description/share/cra_description/meshes/cr30h/base_link.STL
[0.531s] -- Up-to-date: /home/robot/DOBOT_6Axis_ROS2_V4/install/cra_description/share/cra_description/meshes/cr30h/Link4.STL
[0.531s] -- Up-to-date: /home/robot/DOBOT_6Axis_ROS2_V4/install/cra_description/share/cra_description/meshes/nova2
[0.531s] -- Up-to-date: /home/robot/DOBOT_6Axis_ROS2_V4/install/cra_description/share/cra_description/meshes/nova2/Link2.STL
[0.531s] -- Up-to-date: /home/robot/DOBOT_6Axis_ROS2_V4/install/cra_description/share/cra_description/meshes/nova2/Link3.STL
[0.532s] -- Up-to-date: /home/robot/DOBOT_6Axis_ROS2_V4/install/cra_description/share/cra_description/meshes/nova2/Link1.STL
[0.532s] -- Up-to-date: /home/robot/DOBOT_6Axis_ROS2_V4/install/cra_description/share/cra_description/meshes/nova2/Link5.STL
[0.532s] -- Up-to-date: /home/robot/DOBOT_6Axis_ROS2_V4/install/cra_description/share/cra_description/meshes/nova2/Link6.STL
[0.532s] -- Up-to-date: /home/robot/DOBOT_6Axis_ROS2_V4/install/cra_description/share/cra_description/meshes/nova2/base_link.STL
[0.532s] -- Up-to-date: /home/robot/DOBOT_6Axis_ROS2_V4/install/cra_description/share/cra_description/meshes/nova2/Link4.STL
[0.532s] -- Up-to-date: /home/robot/DOBOT_6Axis_ROS2_V4/install/cra_description/share/cra_description/meshes/cr10
[0.532s] -- Up-to-date: /home/robot/DOBOT_6Axis_ROS2_V4/install/cra_description/share/cra_description/meshes/cr10/Link2.STL
[0.532s] -- Up-to-date: /home/robot/DOBOT_6Axis_ROS2_V4/install/cra_description/share/cra_description/meshes/cr10/Link3.STL
[0.532s] -- Up-to-date: /home/robot/DOBOT_6Axis_ROS2_V4/install/cra_description/share/cra_description/meshes/cr10/Link1.STL
[0.532s] -- Up-to-date: /home/robot/DOBOT_6Axis_ROS2_V4/install/cra_description/share/cra_description/meshes/cr10/Link5.STL
[0.532s] -- Up-to-date: /home/robot/DOBOT_6Axis_ROS2_V4/install/cra_description/share/cra_description/meshes/cr10/Link6.STL
[0.533s] -- Up-to-date: /home/robot/DOBOT_6Axis_ROS2_V4/install/cra_description/share/cra_description/meshes/cr10/base_link.STL
[0.533s] -- Up-to-date: /home/robot/DOBOT_6Axis_ROS2_V4/install/cra_description/share/cra_description/meshes/cr10/Link4.STL
[0.533s] -- Up-to-date: /home/robot/DOBOT_6Axis_ROS2_V4/install/cra_description/share/cra_description/meshes/cr5
[0.533s] -- Up-to-date: /home/robot/DOBOT_6Axis_ROS2_V4/install/cra_description/share/cra_description/meshes/cr5/Link5.dae
[0.533s] -- Up-to-date: /home/robot/DOBOT_6Axis_ROS2_V4/install/cra_description/share/cra_description/meshes/cr5/Link3.dae
[0.533s] -- Up-to-date: /home/robot/DOBOT_6Axis_ROS2_V4/install/cra_description/share/cra_description/meshes/cr5/Link1.dae
[0.533s] -- Up-to-date: /home/robot/DOBOT_6Axis_ROS2_V4/install/cra_description/share/cra_description/meshes/cr5/base_link.dae
[0.533s] -- Up-to-date: /home/robot/DOBOT_6Axis_ROS2_V4/install/cra_description/share/cra_description/meshes/cr5/Link4.dae
[0.535s] -- Up-to-date: /home/robot/DOBOT_6Axis_ROS2_V4/install/cra_description/share/cra_description/meshes/cr5/Link6.dae
[0.535s] -- Up-to-date: /home/robot/DOBOT_6Axis_ROS2_V4/install/cra_description/share/cra_description/meshes/cr5/Link2.dae
[0.535s] -- Up-to-date: /home/robot/DOBOT_6Axis_ROS2_V4/install/cra_description/share/cra_description/meshes/cr12
[0.536s] -- Up-to-date: /home/robot/DOBOT_6Axis_ROS2_V4/install/cra_description/share/cra_description/meshes/cr12/base_link0.STL
[0.536s] -- Up-to-date: /home/robot/DOBOT_6Axis_ROS2_V4/install/cra_description/share/cra_description/meshes/cr12/J5.STL
[0.536s] -- Up-to-date: /home/robot/DOBOT_6Axis_ROS2_V4/install/cra_description/share/cra_description/meshes/cr12/J6.STL
[0.536s] -- Up-to-date: /home/robot/DOBOT_6Axis_ROS2_V4/install/cra_description/share/cra_description/meshes/cr12/J1.STL
[0.536s] -- Up-to-date: /home/robot/DOBOT_6Axis_ROS2_V4/install/cra_description/share/cra_description/meshes/cr12/J3.STL
[0.536s] -- Up-to-date: /home/robot/DOBOT_6Axis_ROS2_V4/install/cra_description/share/cra_description/meshes/cr12/J2.STL
[0.536s] -- Up-to-date: /home/robot/DOBOT_6Axis_ROS2_V4/install/cra_description/share/cra_description/meshes/cr12/J4.STL
[0.536s] -- Up-to-date: /home/robot/DOBOT_6Axis_ROS2_V4/install/cra_description/share/cra_description/meshes/me6
[0.536s] -- Up-to-date: /home/robot/DOBOT_6Axis_ROS2_V4/install/cra_description/share/cra_description/meshes/me6/Link2.STL
[0.536s] -- Up-to-date: /home/robot/DOBOT_6Axis_ROS2_V4/install/cra_description/share/cra_description/meshes/me6/Link3.STL
[0.536s] -- Up-to-date: /home/robot/DOBOT_6Axis_ROS2_V4/install/cra_description/share/cra_description/meshes/me6/Link1.STL
[0.536s] -- Up-to-date: /home/robot/DOBOT_6Axis_ROS2_V4/install/cra_description/share/cra_description/meshes/me6/Link5.STL
[0.536s] -- Up-to-date: /home/robot/DOBOT_6Axis_ROS2_V4/install/cra_description/share/cra_description/meshes/me6/Link6.STL
[0.536s] -- Up-to-date: /home/robot/DOBOT_6Axis_ROS2_V4/install/cra_description/share/cra_description/meshes/me6/base_link.STL
[0.536s] -- Up-to-date: /home/robot/DOBOT_6Axis_ROS2_V4/install/cra_description/share/cra_description/meshes/me6/Link4.STL
[0.537s] -- Up-to-date: /home/robot/DOBOT_6Axis_ROS2_V4/install/cra_description/share/cra_description/meshes/cr3
[0.537s] -- Up-to-date: /home/robot/DOBOT_6Axis_ROS2_V4/install/cra_description/share/cra_description/meshes/cr3/Link2.STL
[0.537s] -- Up-to-date: /home/robot/DOBOT_6Axis_ROS2_V4/install/cra_description/share/cra_description/meshes/cr3/Link3.STL
[0.537s] -- Up-to-date: /home/robot/DOBOT_6Axis_ROS2_V4/install/cra_description/share/cra_description/meshes/cr3/Link1.STL
[0.537s] -- Up-to-date: /home/robot/DOBOT_6Axis_ROS2_V4/install/cra_description/share/cra_description/meshes/cr3/Link5.STL
[0.537s] -- Up-to-date: /home/robot/DOBOT_6Axis_ROS2_V4/install/cra_description/share/cra_description/meshes/cr3/Link6.STL
[0.537s] -- Up-to-date: /home/robot/DOBOT_6Axis_ROS2_V4/install/cra_description/share/cra_description/meshes/cr3/base_link.STL
[0.537s] -- Up-to-date: /home/robot/DOBOT_6Axis_ROS2_V4/install/cra_description/share/cra_description/meshes/cr3/Link4.STL
[0.537s] -- Up-to-date: /home/robot/DOBOT_6Axis_ROS2_V4/install/cra_description/share/cra_description/meshes/cr16
[0.538s] -- Up-to-date: /home/robot/DOBOT_6Axis_ROS2_V4/install/cra_description/share/cra_description/meshes/cr16/Link2.STL
[0.538s] -- Up-to-date: /home/robot/DOBOT_6Axis_ROS2_V4/install/cra_description/share/cra_description/meshes/cr16/Link3.STL
[0.538s] -- Up-to-date: /home/robot/DOBOT_6Axis_ROS2_V4/install/cra_description/share/cra_description/meshes/cr16/Link1.STL
[0.538s] -- Up-to-date: /home/robot/DOBOT_6Axis_ROS2_V4/install/cra_description/share/cra_description/meshes/cr16/Link5.STL
[0.538s] -- Up-to-date: /home/robot/DOBOT_6Axis_ROS2_V4/install/cra_description/share/cra_description/meshes/cr16/Link6.STL
[0.538s] -- Up-to-date: /home/robot/DOBOT_6Axis_ROS2_V4/install/cra_description/share/cra_description/meshes/cr16/base_link.STL
[0.538s] -- Up-to-date: /home/robot/DOBOT_6Axis_ROS2_V4/install/cra_description/share/cra_description/meshes/cr16/Link4.STL
[0.541s] Invoked command in '/home/robot/DOBOT_6Axis_ROS2_V4/build/cra_description' returned '0': CMAKE_PREFIX_PATH=/opt/ros/humble CONDA_PROMPT_MODIFIER=(ros2) /usr/bin/cmake --install /home/robot/DOBOT_6Axis_ROS2_V4/build/cra_description
