[0.007s] Invoking command in '/home/robot/DOBOT_6Axis_ROS2_V4/build/cr_robot_ros2': AMENT_PREFIX_PATH=/home/robot/DOBOT_6Axis_ROS2_V4/install/dobot_msgs_v4:${AMENT_PREFIX_PATH} CMAKE_PREFIX_PATH=/home/robot/DOBOT_6Axis_ROS2_V4/install/dobot_msgs_v4:/opt/ros/humble CONDA_PROMPT_MODIFIER=(ros2) LD_LIBRARY_PATH=/home/robot/DOBOT_6Axis_ROS2_V4/install/dobot_msgs_v4/lib:/opt/ros/humble/opt/rviz_ogre_vendor/lib:/opt/ros/humble/lib/x86_64-linux-gnu:/opt/ros/humble/lib:/usr/local/cuda-12.4/lib64 PYTHONPATH=/home/robot/DOBOT_6Axis_ROS2_V4/install/dobot_msgs_v4/lib/python3.10/site-packages:${PYTHONPATH} /usr/bin/cmake /home/robot/DOBOT_6Axis_ROS2_V4/dobot_bringup_v4 -DCMAKE_INSTALL_PREFIX=/home/robot/DOBOT_6Axis_ROS2_V4/install/cr_robot_ros2
[0.050s] -- The C compiler identification is GNU 11.4.0
[0.087s] -- The CXX compiler identification is GNU 11.4.0
[0.093s] -- Detecting C compiler ABI info
[0.148s] -- Detecting C compiler ABI info - done
[0.153s] -- Check for working C compiler: /usr/bin/cc - skipped
[0.153s] -- Detecting C compile features
[0.153s] -- Detecting C compile features - done
[0.155s] -- Detecting CXX compiler ABI info
[0.216s] -- Detecting CXX compiler ABI info - done
[0.222s] -- Check for working CXX compiler: /usr/bin/c++ - skipped
[0.222s] -- Detecting CXX compile features
[0.222s] -- Detecting CXX compile features - done
[0.223s] -- Found ament_cmake: 1.3.12 (/opt/ros/humble/share/ament_cmake/cmake)
[0.450s] -- Found Python3: /home/robot/miniconda3/envs/ros2/bin/python3 (found version "3.10.18") found components: Interpreter 
[0.507s] -- Found rclcpp: 16.0.14 (/opt/ros/humble/share/rclcpp/cmake)
[0.530s] -- Found rosidl_generator_c: 3.1.7 (/opt/ros/humble/share/rosidl_generator_c/cmake)
[0.533s] -- Found rosidl_adapter: 3.1.7 (/opt/ros/humble/share/rosidl_adapter/cmake)
[0.538s] -- Found rosidl_generator_cpp: 3.1.7 (/opt/ros/humble/share/rosidl_generator_cpp/cmake)
[0.544s] -- Using all available rosidl_typesupport_c: rosidl_typesupport_fastrtps_c;rosidl_typesupport_introspection_c
[0.554s] -- Using all available rosidl_typesupport_cpp: rosidl_typesupport_fastrtps_cpp;rosidl_typesupport_introspection_cpp
[0.578s] -- Found rmw_implementation_cmake: 6.1.2 (/opt/ros/humble/share/rmw_implementation_cmake/cmake)
[0.580s] -- Found rmw_fastrtps_cpp: 6.2.8 (/opt/ros/humble/share/rmw_fastrtps_cpp/cmake)
[0.649s] -- Found OpenSSL: /usr/lib/x86_64-linux-gnu/libcrypto.so (found version "3.0.2")  
[0.667s] -- Found FastRTPS: /opt/ros/humble/include  
[0.699s] -- Using RMW implementation 'rmw_fastrtps_cpp' as default
[0.703s] -- Looking for pthread.h
[0.761s] -- Looking for pthread.h - found
[0.761s] -- Performing Test CMAKE_HAVE_LIBC_PTHREAD
[0.818s] -- Performing Test CMAKE_HAVE_LIBC_PTHREAD - Success
[0.819s] -- Found Threads: TRUE  
[0.851s] -- Found rclcpp_action: 16.0.14 (/opt/ros/humble/share/rclcpp_action/cmake)
[0.898s] -- Found sensor_msgs: 4.9.0 (/opt/ros/humble/share/sensor_msgs/cmake)
[0.927s] -- Found dobot_msgs_v4: 0.0.0 (/home/robot/DOBOT_6Axis_ROS2_V4/install/dobot_msgs_v4/share/dobot_msgs_v4/cmake)
[0.942s] -- Found ament_lint_auto: 0.12.14 (/opt/ros/humble/share/ament_lint_auto/cmake)
[1.007s] -- Added test 'copyright' to check source files copyright and LICENSE
[1.009s] -- Added test 'cppcheck' to perform static code analysis on C / C++ code
[1.009s] -- Configured cppcheck include dirs: /home/robot/DOBOT_6Axis_ROS2_V4/dobot_bringup_v4/include;/home/robot/DOBOT_6Axis_ROS2_V4/dobot_bringup_v4/../../../install/dobot_msgs_v4/include;$<BUILD_INTERFACE:/home/robot/DOBOT_6Axis_ROS2_V4/dobot_bringup_v4/include>
[1.009s] -- Configured cppcheck exclude dirs and/or files: 
[1.010s] -- Added test 'cpplint' to check C / C++ code against the Google style
[1.010s] -- Configured cpplint exclude dirs and/or files: 
[1.011s] -- Added test 'flake8' to check Python code syntax and style conventions
[1.011s] -- Added test 'lint_cmake' to check CMake code style
[1.011s] -- Added test 'pep257' to check Python code against some of the docstring style conventions in PEP 257
[1.013s] -- Added test 'uncrustify' to check C / C++ code style
[1.013s] -- Configured uncrustify additional arguments: 
[1.013s] -- Added test 'xmllint' to check XML markup files
[1.014s] -- Configuring done
[1.020s] [33mCMake Warning at CMakeLists.txt:33 (add_executable):
[1.020s]   Cannot generate a safe runtime search path for target cr_robot_ros2_node
[1.020s]   because files in some directories may conflict with libraries in implicit
[1.020s]   directories:
[1.020s] 
[1.020s]     runtime library [libpython3.10.so.1.0] in /usr/lib/x86_64-linux-gnu may be hidden by files in:
[1.020s]       /home/robot/miniconda3/envs/ros2/lib
[1.021s] 
[1.021s]   Some of these libraries may not be found correctly.
[1.021s] 
[1.021s] [0m
[1.021s] -- Generating done
[1.023s] -- Build files have been written to: /home/robot/DOBOT_6Axis_ROS2_V4/build/cr_robot_ros2
[1.031s] Invoked command in '/home/robot/DOBOT_6Axis_ROS2_V4/build/cr_robot_ros2' returned '0': AMENT_PREFIX_PATH=/home/robot/DOBOT_6Axis_ROS2_V4/install/dobot_msgs_v4:${AMENT_PREFIX_PATH} CMAKE_PREFIX_PATH=/home/robot/DOBOT_6Axis_ROS2_V4/install/dobot_msgs_v4:/opt/ros/humble CONDA_PROMPT_MODIFIER=(ros2) LD_LIBRARY_PATH=/home/robot/DOBOT_6Axis_ROS2_V4/install/dobot_msgs_v4/lib:/opt/ros/humble/opt/rviz_ogre_vendor/lib:/opt/ros/humble/lib/x86_64-linux-gnu:/opt/ros/humble/lib:/usr/local/cuda-12.4/lib64 PYTHONPATH=/home/robot/DOBOT_6Axis_ROS2_V4/install/dobot_msgs_v4/lib/python3.10/site-packages:${PYTHONPATH} /usr/bin/cmake /home/robot/DOBOT_6Axis_ROS2_V4/dobot_bringup_v4 -DCMAKE_INSTALL_PREFIX=/home/robot/DOBOT_6Axis_ROS2_V4/install/cr_robot_ros2
[1.034s] Invoking command in '/home/robot/DOBOT_6Axis_ROS2_V4/build/cr_robot_ros2': AMENT_PREFIX_PATH=/home/robot/DOBOT_6Axis_ROS2_V4/install/dobot_msgs_v4:${AMENT_PREFIX_PATH} CMAKE_PREFIX_PATH=/home/robot/DOBOT_6Axis_ROS2_V4/install/dobot_msgs_v4:/opt/ros/humble CONDA_PROMPT_MODIFIER=(ros2) LD_LIBRARY_PATH=/home/robot/DOBOT_6Axis_ROS2_V4/install/dobot_msgs_v4/lib:/opt/ros/humble/opt/rviz_ogre_vendor/lib:/opt/ros/humble/lib/x86_64-linux-gnu:/opt/ros/humble/lib:/usr/local/cuda-12.4/lib64 PYTHONPATH=/home/robot/DOBOT_6Axis_ROS2_V4/install/dobot_msgs_v4/lib/python3.10/site-packages:${PYTHONPATH} /usr/bin/cmake --build /home/robot/DOBOT_6Axis_ROS2_V4/build/cr_robot_ros2 -- -j18 -l18
[1.075s] [ 16%] [32mBuilding CXX object CMakeFiles/cr_robot_ros2_node.dir/src/main.cpp.o[0m
[1.076s] [ 33%] [32mBuilding CXX object CMakeFiles/cr_robot_ros2_node.dir/src/cr_robot_ros2.cpp.o[0m
[1.077s] [ 66%] [32mBuilding CXX object CMakeFiles/cr_robot_ros2_node.dir/src/tcp_socket.cpp.o[0m
[1.077s] [ 66%] [32mBuilding CXX object CMakeFiles/cr_robot_ros2_node.dir/src/command.cpp.o[0m
[1.078s] [ 83%] [32mBuilding CXX object CMakeFiles/cr_robot_ros2_node.dir/src/parseTool.cpp.o[0m
[45.065s] [100%] [32m[1mLinking CXX executable cr_robot_ros2_node[0m
[48.419s] [100%] Built target cr_robot_ros2_node
[48.429s] Invoked command in '/home/robot/DOBOT_6Axis_ROS2_V4/build/cr_robot_ros2' returned '0': AMENT_PREFIX_PATH=/home/robot/DOBOT_6Axis_ROS2_V4/install/dobot_msgs_v4:${AMENT_PREFIX_PATH} CMAKE_PREFIX_PATH=/home/robot/DOBOT_6Axis_ROS2_V4/install/dobot_msgs_v4:/opt/ros/humble CONDA_PROMPT_MODIFIER=(ros2) LD_LIBRARY_PATH=/home/robot/DOBOT_6Axis_ROS2_V4/install/dobot_msgs_v4/lib:/opt/ros/humble/opt/rviz_ogre_vendor/lib:/opt/ros/humble/lib/x86_64-linux-gnu:/opt/ros/humble/lib:/usr/local/cuda-12.4/lib64 PYTHONPATH=/home/robot/DOBOT_6Axis_ROS2_V4/install/dobot_msgs_v4/lib/python3.10/site-packages:${PYTHONPATH} /usr/bin/cmake --build /home/robot/DOBOT_6Axis_ROS2_V4/build/cr_robot_ros2 -- -j18 -l18
[48.431s] Invoking command in '/home/robot/DOBOT_6Axis_ROS2_V4/build/cr_robot_ros2': AMENT_PREFIX_PATH=/home/robot/DOBOT_6Axis_ROS2_V4/install/dobot_msgs_v4:${AMENT_PREFIX_PATH} CMAKE_PREFIX_PATH=/home/robot/DOBOT_6Axis_ROS2_V4/install/dobot_msgs_v4:/opt/ros/humble CONDA_PROMPT_MODIFIER=(ros2) LD_LIBRARY_PATH=/home/robot/DOBOT_6Axis_ROS2_V4/install/dobot_msgs_v4/lib:/opt/ros/humble/opt/rviz_ogre_vendor/lib:/opt/ros/humble/lib/x86_64-linux-gnu:/opt/ros/humble/lib:/usr/local/cuda-12.4/lib64 PYTHONPATH=/home/robot/DOBOT_6Axis_ROS2_V4/install/dobot_msgs_v4/lib/python3.10/site-packages:${PYTHONPATH} /usr/bin/cmake --install /home/robot/DOBOT_6Axis_ROS2_V4/build/cr_robot_ros2
[48.436s] -- Install configuration: ""
[48.436s] -- Installing: /home/robot/DOBOT_6Axis_ROS2_V4/install/cr_robot_ros2/lib/cr_robot_ros2/cr_robot_ros2_node
[48.455s] -- Set runtime path of "/home/robot/DOBOT_6Axis_ROS2_V4/install/cr_robot_ros2/lib/cr_robot_ros2/cr_robot_ros2_node" to ""
[48.456s] -- Installing: /home/robot/DOBOT_6Axis_ROS2_V4/install/cr_robot_ros2/share/cr_robot_ros2/launch
[48.456s] -- Installing: /home/robot/DOBOT_6Axis_ROS2_V4/install/cr_robot_ros2/share/cr_robot_ros2/launch/dobot_bringup_ros2.launch.py
[48.456s] -- Installing: /home/robot/DOBOT_6Axis_ROS2_V4/install/cr_robot_ros2/share/cr_robot_ros2/config
[48.457s] -- Installing: /home/robot/DOBOT_6Axis_ROS2_V4/install/cr_robot_ros2/share/cr_robot_ros2/config/param.json
[48.457s] -- Installing: /home/robot/DOBOT_6Axis_ROS2_V4/install/cr_robot_ros2/share/ament_index/resource_index/package_run_dependencies/cr_robot_ros2
[48.457s] -- Installing: /home/robot/DOBOT_6Axis_ROS2_V4/install/cr_robot_ros2/share/ament_index/resource_index/parent_prefix_path/cr_robot_ros2
[48.457s] -- Installing: /home/robot/DOBOT_6Axis_ROS2_V4/install/cr_robot_ros2/share/cr_robot_ros2/environment/ament_prefix_path.sh
[48.458s] -- Installing: /home/robot/DOBOT_6Axis_ROS2_V4/install/cr_robot_ros2/share/cr_robot_ros2/environment/ament_prefix_path.dsv
[48.458s] -- Installing: /home/robot/DOBOT_6Axis_ROS2_V4/install/cr_robot_ros2/share/cr_robot_ros2/environment/path.sh
[48.458s] -- Installing: /home/robot/DOBOT_6Axis_ROS2_V4/install/cr_robot_ros2/share/cr_robot_ros2/environment/path.dsv
[48.458s] -- Installing: /home/robot/DOBOT_6Axis_ROS2_V4/install/cr_robot_ros2/share/cr_robot_ros2/local_setup.bash
[48.458s] -- Installing: /home/robot/DOBOT_6Axis_ROS2_V4/install/cr_robot_ros2/share/cr_robot_ros2/local_setup.sh
[48.458s] -- Installing: /home/robot/DOBOT_6Axis_ROS2_V4/install/cr_robot_ros2/share/cr_robot_ros2/local_setup.zsh
[48.458s] -- Installing: /home/robot/DOBOT_6Axis_ROS2_V4/install/cr_robot_ros2/share/cr_robot_ros2/local_setup.dsv
[48.458s] -- Installing: /home/robot/DOBOT_6Axis_ROS2_V4/install/cr_robot_ros2/share/cr_robot_ros2/package.dsv
[48.458s] -- Installing: /home/robot/DOBOT_6Axis_ROS2_V4/install/cr_robot_ros2/share/ament_index/resource_index/packages/cr_robot_ros2
[48.458s] -- Installing: /home/robot/DOBOT_6Axis_ROS2_V4/install/cr_robot_ros2/share/cr_robot_ros2/cmake/cr_robot_ros2Config.cmake
[48.458s] -- Installing: /home/robot/DOBOT_6Axis_ROS2_V4/install/cr_robot_ros2/share/cr_robot_ros2/cmake/cr_robot_ros2Config-version.cmake
[48.458s] -- Installing: /home/robot/DOBOT_6Axis_ROS2_V4/install/cr_robot_ros2/share/cr_robot_ros2/package.xml
[48.461s] Invoked command in '/home/robot/DOBOT_6Axis_ROS2_V4/build/cr_robot_ros2' returned '0': AMENT_PREFIX_PATH=/home/robot/DOBOT_6Axis_ROS2_V4/install/dobot_msgs_v4:${AMENT_PREFIX_PATH} CMAKE_PREFIX_PATH=/home/robot/DOBOT_6Axis_ROS2_V4/install/dobot_msgs_v4:/opt/ros/humble CONDA_PROMPT_MODIFIER=(ros2) LD_LIBRARY_PATH=/home/robot/DOBOT_6Axis_ROS2_V4/install/dobot_msgs_v4/lib:/opt/ros/humble/opt/rviz_ogre_vendor/lib:/opt/ros/humble/lib/x86_64-linux-gnu:/opt/ros/humble/lib:/usr/local/cuda-12.4/lib64 PYTHONPATH=/home/robot/DOBOT_6Axis_ROS2_V4/install/dobot_msgs_v4/lib/python3.10/site-packages:${PYTHONPATH} /usr/bin/cmake --install /home/robot/DOBOT_6Axis_ROS2_V4/build/cr_robot_ros2
