[0.048s] Invoking command in '/home/robot/DOBOT_6Axis_ROS2_V4/build/cr3_moveit': AMENT_PREFIX_PATH=/home/robot/DOBOT_6Axis_ROS2_V4/install/dobot_rviz:${AMENT_PREFIX_PATH} CMAKE_PREFIX_PATH=/home/robot/DOBOT_6Axis_ROS2_V4/install/dobot_rviz:/opt/ros/humble CONDA_PROMPT_MODIFIER=(ros2) /usr/bin/cmake --build /home/robot/DOBOT_6Axis_ROS2_V4/build/cr3_moveit -- -j18 -l18
[0.113s] Invoked command in '/home/robot/DOBOT_6Axis_ROS2_V4/build/cr3_moveit' returned '0': AMENT_PREFIX_PATH=/home/robot/DOBOT_6Axis_ROS2_V4/install/dobot_rviz:${AMENT_PREFIX_PATH} CMAKE_PREFIX_PATH=/home/robot/DOBOT_6Axis_ROS2_V4/install/dobot_rviz:/opt/ros/humble CONDA_PROMPT_MODIFIER=(ros2) /usr/bin/cmake --build /home/robot/DOBOT_6Axis_ROS2_V4/build/cr3_moveit -- -j18 -l18
[0.114s] Invoking command in '/home/robot/DOBOT_6Axis_ROS2_V4/build/cr3_moveit': AMENT_PREFIX_PATH=/home/robot/DOBOT_6Axis_ROS2_V4/install/dobot_rviz:${AMENT_PREFIX_PATH} CMAKE_PREFIX_PATH=/home/robot/DOBOT_6Axis_ROS2_V4/install/dobot_rviz:/opt/ros/humble CONDA_PROMPT_MODIFIER=(ros2) /usr/bin/cmake --install /home/robot/DOBOT_6Axis_ROS2_V4/build/cr3_moveit
[0.142s] -- Install configuration: ""
[0.143s] -- Up-to-date: /home/robot/DOBOT_6Axis_ROS2_V4/install/cr3_moveit/share/ament_index/resource_index/package_run_dependencies/cr3_moveit
[0.143s] -- Up-to-date: /home/robot/DOBOT_6Axis_ROS2_V4/install/cr3_moveit/share/ament_index/resource_index/parent_prefix_path/cr3_moveit
[0.143s] -- Up-to-date: /home/robot/DOBOT_6Axis_ROS2_V4/install/cr3_moveit/share/cr3_moveit/environment/ament_prefix_path.sh
[0.143s] -- Up-to-date: /home/robot/DOBOT_6Axis_ROS2_V4/install/cr3_moveit/share/cr3_moveit/environment/ament_prefix_path.dsv
[0.143s] -- Up-to-date: /home/robot/DOBOT_6Axis_ROS2_V4/install/cr3_moveit/share/cr3_moveit/environment/path.sh
[0.143s] -- Up-to-date: /home/robot/DOBOT_6Axis_ROS2_V4/install/cr3_moveit/share/cr3_moveit/environment/path.dsv
[0.143s] -- Up-to-date: /home/robot/DOBOT_6Axis_ROS2_V4/install/cr3_moveit/share/cr3_moveit/local_setup.bash
[0.143s] -- Up-to-date: /home/robot/DOBOT_6Axis_ROS2_V4/install/cr3_moveit/share/cr3_moveit/local_setup.sh
[0.143s] -- Up-to-date: /home/robot/DOBOT_6Axis_ROS2_V4/install/cr3_moveit/share/cr3_moveit/local_setup.zsh
[0.143s] -- Up-to-date: /home/robot/DOBOT_6Axis_ROS2_V4/install/cr3_moveit/share/cr3_moveit/local_setup.dsv
[0.143s] -- Installing: /home/robot/DOBOT_6Axis_ROS2_V4/install/cr3_moveit/share/cr3_moveit/package.dsv
[0.143s] -- Up-to-date: /home/robot/DOBOT_6Axis_ROS2_V4/install/cr3_moveit/share/ament_index/resource_index/packages/cr3_moveit
[0.143s] -- Up-to-date: /home/robot/DOBOT_6Axis_ROS2_V4/install/cr3_moveit/share/cr3_moveit/cmake/cr3_moveitConfig.cmake
[0.143s] -- Up-to-date: /home/robot/DOBOT_6Axis_ROS2_V4/install/cr3_moveit/share/cr3_moveit/cmake/cr3_moveitConfig-version.cmake
[0.143s] -- Up-to-date: /home/robot/DOBOT_6Axis_ROS2_V4/install/cr3_moveit/share/cr3_moveit/package.xml
[0.143s] -- Up-to-date: /home/robot/DOBOT_6Axis_ROS2_V4/install/cr3_moveit/share/cr3_moveit/launch
[0.143s] -- Up-to-date: /home/robot/DOBOT_6Axis_ROS2_V4/install/cr3_moveit/share/cr3_moveit/launch/spawn_controllers.launch.py
[0.143s] -- Up-to-date: /home/robot/DOBOT_6Axis_ROS2_V4/install/cr3_moveit/share/cr3_moveit/launch/static_virtual_joint_tfs.launch.py
[0.143s] -- Up-to-date: /home/robot/DOBOT_6Axis_ROS2_V4/install/cr3_moveit/share/cr3_moveit/launch/dobot_moveit.launch.py
[0.144s] -- Up-to-date: /home/robot/DOBOT_6Axis_ROS2_V4/install/cr3_moveit/share/cr3_moveit/launch/demo.launch.py
[0.144s] -- Up-to-date: /home/robot/DOBOT_6Axis_ROS2_V4/install/cr3_moveit/share/cr3_moveit/launch/moveit_rviz.launch.py
[0.144s] -- Up-to-date: /home/robot/DOBOT_6Axis_ROS2_V4/install/cr3_moveit/share/cr3_moveit/launch/move_group.launch.py
[0.144s] -- Up-to-date: /home/robot/DOBOT_6Axis_ROS2_V4/install/cr3_moveit/share/cr3_moveit/launch/setup_assistant.launch.py
[0.144s] -- Up-to-date: /home/robot/DOBOT_6Axis_ROS2_V4/install/cr3_moveit/share/cr3_moveit/launch/moveit_gazebo.launch.py
[0.144s] -- Up-to-date: /home/robot/DOBOT_6Axis_ROS2_V4/install/cr3_moveit/share/cr3_moveit/launch/warehouse_db.launch.py
[0.144s] -- Up-to-date: /home/robot/DOBOT_6Axis_ROS2_V4/install/cr3_moveit/share/cr3_moveit/launch/rsp.launch.py
[0.144s] -- Up-to-date: /home/robot/DOBOT_6Axis_ROS2_V4/install/cr3_moveit/share/cr3_moveit/config
[0.144s] -- Up-to-date: /home/robot/DOBOT_6Axis_ROS2_V4/install/cr3_moveit/share/cr3_moveit/config/initial_positions.yaml
[0.144s] -- Up-to-date: /home/robot/DOBOT_6Axis_ROS2_V4/install/cr3_moveit/share/cr3_moveit/config/kinematics.yaml
[0.144s] -- Up-to-date: /home/robot/DOBOT_6Axis_ROS2_V4/install/cr3_moveit/share/cr3_moveit/config/moveit_controllers.yaml
[0.144s] -- Up-to-date: /home/robot/DOBOT_6Axis_ROS2_V4/install/cr3_moveit/share/cr3_moveit/config/cr3_robot.urdf.xacro
[0.144s] -- Up-to-date: /home/robot/DOBOT_6Axis_ROS2_V4/install/cr3_moveit/share/cr3_moveit/config/ros2_controllers.yaml
[0.144s] -- Up-to-date: /home/robot/DOBOT_6Axis_ROS2_V4/install/cr3_moveit/share/cr3_moveit/config/moveit.rviz
[0.144s] -- Up-to-date: /home/robot/DOBOT_6Axis_ROS2_V4/install/cr3_moveit/share/cr3_moveit/config/cr3_robot.srdf
[0.144s] -- Up-to-date: /home/robot/DOBOT_6Axis_ROS2_V4/install/cr3_moveit/share/cr3_moveit/config/pilz_cartesian_limits.yaml
[0.144s] -- Up-to-date: /home/robot/DOBOT_6Axis_ROS2_V4/install/cr3_moveit/share/cr3_moveit/config/joint_limits.yaml
[0.144s] -- Up-to-date: /home/robot/DOBOT_6Axis_ROS2_V4/install/cr3_moveit/share/cr3_moveit/config/cr3_robot.ros2_control.xacro
[0.144s] -- Up-to-date: /home/robot/DOBOT_6Axis_ROS2_V4/install/cr3_moveit/share/cr3_moveit/.setup_assistant
[0.196s] Invoked command in '/home/robot/DOBOT_6Axis_ROS2_V4/build/cr3_moveit' returned '0': AMENT_PREFIX_PATH=/home/robot/DOBOT_6Axis_ROS2_V4/install/dobot_rviz:${AMENT_PREFIX_PATH} CMAKE_PREFIX_PATH=/home/robot/DOBOT_6Axis_ROS2_V4/install/dobot_rviz:/opt/ros/humble CONDA_PROMPT_MODIFIER=(ros2) /usr/bin/cmake --install /home/robot/DOBOT_6Axis_ROS2_V4/build/cr3_moveit
