[0.020s] Invoking command in '/home/robot/DOBOT_6Axis_ROS2_V4/build/dobot_rviz': CMAKE_PREFIX_PATH=/opt/ros/humble CONDA_PROMPT_MODIFIER=(ros2) /usr/bin/cmake --build /home/robot/DOBOT_6Axis_ROS2_V4/build/dobot_rviz -- -j18 -l18
[0.509s] Invoked command in '/home/robot/DOBOT_6Axis_ROS2_V4/build/dobot_rviz' returned '0': CMAKE_PREFIX_PATH=/opt/ros/humble CONDA_PROMPT_MODIFIER=(ros2) /usr/bin/cmake --build /home/robot/DOBOT_6Axis_ROS2_V4/build/dobot_rviz -- -j18 -l18
[0.518s] Invoking command in '/home/robot/DOBOT_6Axis_ROS2_V4/build/dobot_rviz': CMAKE_PREFIX_PATH=/opt/ros/humble CONDA_PROMPT_MODIFIER=(ros2) /usr/bin/cmake --install /home/robot/DOBOT_6Axis_ROS2_V4/build/dobot_rviz
[0.526s] -- Install configuration: ""
[0.527s] -- Up-to-date: /home/robot/DOBOT_6Axis_ROS2_V4/install/dobot_rviz/share/dobot_rviz/launch
[0.528s] -- Up-to-date: /home/robot/DOBOT_6Axis_ROS2_V4/install/dobot_rviz/share/dobot_rviz/launch/dobot_rviz.launch.py
[0.528s] -- Up-to-date: /home/robot/DOBOT_6Axis_ROS2_V4/install/dobot_rviz/share/dobot_rviz/urdf
[0.528s] -- Up-to-date: /home/robot/DOBOT_6Axis_ROS2_V4/install/dobot_rviz/share/dobot_rviz/urdf/me6_robot.urdf
[0.528s] -- Up-to-date: /home/robot/DOBOT_6Axis_ROS2_V4/install/dobot_rviz/share/dobot_rviz/urdf/cr30h_robot.urdf
[0.528s] -- Up-to-date: /home/robot/DOBOT_6Axis_ROS2_V4/install/dobot_rviz/share/dobot_rviz/urdf/nova5_robot.urdf
[0.529s] -- Up-to-date: /home/robot/DOBOT_6Axis_ROS2_V4/install/dobot_rviz/share/dobot_rviz/urdf/cr10_robot.urdf
[0.529s] -- Up-to-date: /home/robot/DOBOT_6Axis_ROS2_V4/install/dobot_rviz/share/dobot_rviz/urdf/cr20_robot.urdf
[0.529s] -- Up-to-date: /home/robot/DOBOT_6Axis_ROS2_V4/install/dobot_rviz/share/dobot_rviz/urdf/nova2_robot.urdf
[0.529s] -- Up-to-date: /home/robot/DOBOT_6Axis_ROS2_V4/install/dobot_rviz/share/dobot_rviz/urdf/cr16_robot.urdf
[0.529s] -- Up-to-date: /home/robot/DOBOT_6Axis_ROS2_V4/install/dobot_rviz/share/dobot_rviz/urdf/cr7_robot.urdf
[0.529s] -- Up-to-date: /home/robot/DOBOT_6Axis_ROS2_V4/install/dobot_rviz/share/dobot_rviz/urdf/cr3_robot.urdf
[0.529s] -- Up-to-date: /home/robot/DOBOT_6Axis_ROS2_V4/install/dobot_rviz/share/dobot_rviz/urdf/cr5_robot.urdf
[0.529s] -- Up-to-date: /home/robot/DOBOT_6Axis_ROS2_V4/install/dobot_rviz/share/dobot_rviz/urdf/cr12_robot.urdf
[0.529s] -- Up-to-date: /home/robot/DOBOT_6Axis_ROS2_V4/install/dobot_rviz/share/dobot_rviz/rviz
[0.529s] -- Up-to-date: /home/robot/DOBOT_6Axis_ROS2_V4/install/dobot_rviz/share/dobot_rviz/rviz/urdf.rviz
[0.529s] -- Up-to-date: /home/robot/DOBOT_6Axis_ROS2_V4/install/dobot_rviz/share/dobot_rviz/meshes
[0.529s] -- Up-to-date: /home/robot/DOBOT_6Axis_ROS2_V4/install/dobot_rviz/share/dobot_rviz/meshes/nova5
[0.529s] -- Up-to-date: /home/robot/DOBOT_6Axis_ROS2_V4/install/dobot_rviz/share/dobot_rviz/meshes/nova5/Link2.STL
[0.529s] -- Up-to-date: /home/robot/DOBOT_6Axis_ROS2_V4/install/dobot_rviz/share/dobot_rviz/meshes/nova5/Link3.STL
[0.529s] -- Up-to-date: /home/robot/DOBOT_6Axis_ROS2_V4/install/dobot_rviz/share/dobot_rviz/meshes/nova5/Link1.STL
[0.529s] -- Up-to-date: /home/robot/DOBOT_6Axis_ROS2_V4/install/dobot_rviz/share/dobot_rviz/meshes/nova5/Link5.STL
[0.529s] -- Up-to-date: /home/robot/DOBOT_6Axis_ROS2_V4/install/dobot_rviz/share/dobot_rviz/meshes/nova5/Link6.STL
[0.529s] -- Up-to-date: /home/robot/DOBOT_6Axis_ROS2_V4/install/dobot_rviz/share/dobot_rviz/meshes/nova5/base_link.STL
[0.529s] -- Up-to-date: /home/robot/DOBOT_6Axis_ROS2_V4/install/dobot_rviz/share/dobot_rviz/meshes/nova5/Link4.STL
[0.529s] -- Up-to-date: /home/robot/DOBOT_6Axis_ROS2_V4/install/dobot_rviz/share/dobot_rviz/meshes/cr20
[0.530s] -- Up-to-date: /home/robot/DOBOT_6Axis_ROS2_V4/install/dobot_rviz/share/dobot_rviz/meshes/cr20/Link2.STL
[0.530s] -- Up-to-date: /home/robot/DOBOT_6Axis_ROS2_V4/install/dobot_rviz/share/dobot_rviz/meshes/cr20/Link3.STL
[0.530s] -- Up-to-date: /home/robot/DOBOT_6Axis_ROS2_V4/install/dobot_rviz/share/dobot_rviz/meshes/cr20/Link1.STL
[0.530s] -- Up-to-date: /home/robot/DOBOT_6Axis_ROS2_V4/install/dobot_rviz/share/dobot_rviz/meshes/cr20/Link5.STL
[0.530s] -- Up-to-date: /home/robot/DOBOT_6Axis_ROS2_V4/install/dobot_rviz/share/dobot_rviz/meshes/cr20/Link6.STL
[0.531s] -- Up-to-date: /home/robot/DOBOT_6Axis_ROS2_V4/install/dobot_rviz/share/dobot_rviz/meshes/cr20/base_link.STL
[0.531s] -- Up-to-date: /home/robot/DOBOT_6Axis_ROS2_V4/install/dobot_rviz/share/dobot_rviz/meshes/cr20/Link4.STL
[0.531s] -- Up-to-date: /home/robot/DOBOT_6Axis_ROS2_V4/install/dobot_rviz/share/dobot_rviz/meshes/cr7
[0.531s] -- Up-to-date: /home/robot/DOBOT_6Axis_ROS2_V4/install/dobot_rviz/share/dobot_rviz/meshes/cr7/base_link0.STL
[0.531s] -- Up-to-date: /home/robot/DOBOT_6Axis_ROS2_V4/install/dobot_rviz/share/dobot_rviz/meshes/cr7/J5.STL
[0.531s] -- Up-to-date: /home/robot/DOBOT_6Axis_ROS2_V4/install/dobot_rviz/share/dobot_rviz/meshes/cr7/J6.STL
[0.531s] -- Up-to-date: /home/robot/DOBOT_6Axis_ROS2_V4/install/dobot_rviz/share/dobot_rviz/meshes/cr7/J1.STL
[0.531s] -- Up-to-date: /home/robot/DOBOT_6Axis_ROS2_V4/install/dobot_rviz/share/dobot_rviz/meshes/cr7/J3.STL
[0.532s] -- Up-to-date: /home/robot/DOBOT_6Axis_ROS2_V4/install/dobot_rviz/share/dobot_rviz/meshes/cr7/J2.STL
[0.532s] -- Up-to-date: /home/robot/DOBOT_6Axis_ROS2_V4/install/dobot_rviz/share/dobot_rviz/meshes/cr7/J4.STL
[0.532s] -- Up-to-date: /home/robot/DOBOT_6Axis_ROS2_V4/install/dobot_rviz/share/dobot_rviz/meshes/cr30h
[0.532s] -- Up-to-date: /home/robot/DOBOT_6Axis_ROS2_V4/install/dobot_rviz/share/dobot_rviz/meshes/cr30h/Link2.STL
[0.532s] -- Up-to-date: /home/robot/DOBOT_6Axis_ROS2_V4/install/dobot_rviz/share/dobot_rviz/meshes/cr30h/Link3.STL
[0.532s] -- Up-to-date: /home/robot/DOBOT_6Axis_ROS2_V4/install/dobot_rviz/share/dobot_rviz/meshes/cr30h/Link1.STL
[0.532s] -- Up-to-date: /home/robot/DOBOT_6Axis_ROS2_V4/install/dobot_rviz/share/dobot_rviz/meshes/cr30h/Link5.STL
[0.532s] -- Up-to-date: /home/robot/DOBOT_6Axis_ROS2_V4/install/dobot_rviz/share/dobot_rviz/meshes/cr30h/Link6.STL
[0.532s] -- Up-to-date: /home/robot/DOBOT_6Axis_ROS2_V4/install/dobot_rviz/share/dobot_rviz/meshes/cr30h/base_link.STL
[0.532s] -- Up-to-date: /home/robot/DOBOT_6Axis_ROS2_V4/install/dobot_rviz/share/dobot_rviz/meshes/cr30h/Link4.STL
[0.532s] -- Up-to-date: /home/robot/DOBOT_6Axis_ROS2_V4/install/dobot_rviz/share/dobot_rviz/meshes/nova2
[0.532s] -- Up-to-date: /home/robot/DOBOT_6Axis_ROS2_V4/install/dobot_rviz/share/dobot_rviz/meshes/nova2/Link2.STL
[0.532s] -- Up-to-date: /home/robot/DOBOT_6Axis_ROS2_V4/install/dobot_rviz/share/dobot_rviz/meshes/nova2/Link3.STL
[0.532s] -- Up-to-date: /home/robot/DOBOT_6Axis_ROS2_V4/install/dobot_rviz/share/dobot_rviz/meshes/nova2/Link1.STL
[0.533s] -- Up-to-date: /home/robot/DOBOT_6Axis_ROS2_V4/install/dobot_rviz/share/dobot_rviz/meshes/nova2/Link5.STL
[0.533s] -- Up-to-date: /home/robot/DOBOT_6Axis_ROS2_V4/install/dobot_rviz/share/dobot_rviz/meshes/nova2/Link6.STL
[0.533s] -- Up-to-date: /home/robot/DOBOT_6Axis_ROS2_V4/install/dobot_rviz/share/dobot_rviz/meshes/nova2/base_link.STL
[0.533s] -- Up-to-date: /home/robot/DOBOT_6Axis_ROS2_V4/install/dobot_rviz/share/dobot_rviz/meshes/nova2/Link4.STL
[0.533s] -- Up-to-date: /home/robot/DOBOT_6Axis_ROS2_V4/install/dobot_rviz/share/dobot_rviz/meshes/cr10
[0.533s] -- Up-to-date: /home/robot/DOBOT_6Axis_ROS2_V4/install/dobot_rviz/share/dobot_rviz/meshes/cr10/Link2.STL
[0.533s] -- Up-to-date: /home/robot/DOBOT_6Axis_ROS2_V4/install/dobot_rviz/share/dobot_rviz/meshes/cr10/Link3.STL
[0.533s] -- Up-to-date: /home/robot/DOBOT_6Axis_ROS2_V4/install/dobot_rviz/share/dobot_rviz/meshes/cr10/Link1.STL
[0.533s] -- Up-to-date: /home/robot/DOBOT_6Axis_ROS2_V4/install/dobot_rviz/share/dobot_rviz/meshes/cr10/Link5.STL
[0.533s] -- Up-to-date: /home/robot/DOBOT_6Axis_ROS2_V4/install/dobot_rviz/share/dobot_rviz/meshes/cr10/Link6.STL
[0.533s] -- Up-to-date: /home/robot/DOBOT_6Axis_ROS2_V4/install/dobot_rviz/share/dobot_rviz/meshes/cr10/base_link.STL
[0.533s] -- Up-to-date: /home/robot/DOBOT_6Axis_ROS2_V4/install/dobot_rviz/share/dobot_rviz/meshes/cr10/Link4.STL
[0.533s] -- Up-to-date: /home/robot/DOBOT_6Axis_ROS2_V4/install/dobot_rviz/share/dobot_rviz/meshes/cr5
[0.533s] -- Up-to-date: /home/robot/DOBOT_6Axis_ROS2_V4/install/dobot_rviz/share/dobot_rviz/meshes/cr5/Link5.dae
[0.534s] -- Up-to-date: /home/robot/DOBOT_6Axis_ROS2_V4/install/dobot_rviz/share/dobot_rviz/meshes/cr5/Link3.dae
[0.534s] -- Up-to-date: /home/robot/DOBOT_6Axis_ROS2_V4/install/dobot_rviz/share/dobot_rviz/meshes/cr5/Link1.dae
[0.534s] -- Up-to-date: /home/robot/DOBOT_6Axis_ROS2_V4/install/dobot_rviz/share/dobot_rviz/meshes/cr5/base_link.dae
[0.534s] -- Up-to-date: /home/robot/DOBOT_6Axis_ROS2_V4/install/dobot_rviz/share/dobot_rviz/meshes/cr5/Link4.dae
[0.534s] -- Up-to-date: /home/robot/DOBOT_6Axis_ROS2_V4/install/dobot_rviz/share/dobot_rviz/meshes/cr5/Link6.dae
[0.534s] -- Up-to-date: /home/robot/DOBOT_6Axis_ROS2_V4/install/dobot_rviz/share/dobot_rviz/meshes/cr5/Link2.dae
[0.534s] -- Up-to-date: /home/robot/DOBOT_6Axis_ROS2_V4/install/dobot_rviz/share/dobot_rviz/meshes/cr12
[0.534s] -- Up-to-date: /home/robot/DOBOT_6Axis_ROS2_V4/install/dobot_rviz/share/dobot_rviz/meshes/cr12/base_link0.STL
[0.534s] -- Up-to-date: /home/robot/DOBOT_6Axis_ROS2_V4/install/dobot_rviz/share/dobot_rviz/meshes/cr12/J5.STL
[0.534s] -- Up-to-date: /home/robot/DOBOT_6Axis_ROS2_V4/install/dobot_rviz/share/dobot_rviz/meshes/cr12/J6.STL
[0.534s] -- Up-to-date: /home/robot/DOBOT_6Axis_ROS2_V4/install/dobot_rviz/share/dobot_rviz/meshes/cr12/J1.STL
[0.534s] -- Up-to-date: /home/robot/DOBOT_6Axis_ROS2_V4/install/dobot_rviz/share/dobot_rviz/meshes/cr12/J3.STL
[0.534s] -- Up-to-date: /home/robot/DOBOT_6Axis_ROS2_V4/install/dobot_rviz/share/dobot_rviz/meshes/cr12/J2.STL
[0.534s] -- Up-to-date: /home/robot/DOBOT_6Axis_ROS2_V4/install/dobot_rviz/share/dobot_rviz/meshes/cr12/J4.STL
[0.535s] -- Up-to-date: /home/robot/DOBOT_6Axis_ROS2_V4/install/dobot_rviz/share/dobot_rviz/meshes/me6
[0.535s] -- Up-to-date: /home/robot/DOBOT_6Axis_ROS2_V4/install/dobot_rviz/share/dobot_rviz/meshes/me6/Link2.STL
[0.535s] -- Up-to-date: /home/robot/DOBOT_6Axis_ROS2_V4/install/dobot_rviz/share/dobot_rviz/meshes/me6/Link3.STL
[0.535s] -- Up-to-date: /home/robot/DOBOT_6Axis_ROS2_V4/install/dobot_rviz/share/dobot_rviz/meshes/me6/Link1.STL
[0.535s] -- Up-to-date: /home/robot/DOBOT_6Axis_ROS2_V4/install/dobot_rviz/share/dobot_rviz/meshes/me6/Link5.STL
[0.535s] -- Up-to-date: /home/robot/DOBOT_6Axis_ROS2_V4/install/dobot_rviz/share/dobot_rviz/meshes/me6/Link6.STL
[0.535s] -- Up-to-date: /home/robot/DOBOT_6Axis_ROS2_V4/install/dobot_rviz/share/dobot_rviz/meshes/me6/base_link.STL
[0.535s] -- Up-to-date: /home/robot/DOBOT_6Axis_ROS2_V4/install/dobot_rviz/share/dobot_rviz/meshes/me6/Link4.STL
[0.535s] -- Up-to-date: /home/robot/DOBOT_6Axis_ROS2_V4/install/dobot_rviz/share/dobot_rviz/meshes/cr3
[0.535s] -- Up-to-date: /home/robot/DOBOT_6Axis_ROS2_V4/install/dobot_rviz/share/dobot_rviz/meshes/cr3/Link2.STL
[0.535s] -- Up-to-date: /home/robot/DOBOT_6Axis_ROS2_V4/install/dobot_rviz/share/dobot_rviz/meshes/cr3/Link3.STL
[0.535s] -- Up-to-date: /home/robot/DOBOT_6Axis_ROS2_V4/install/dobot_rviz/share/dobot_rviz/meshes/cr3/Link1.STL
[0.535s] -- Up-to-date: /home/robot/DOBOT_6Axis_ROS2_V4/install/dobot_rviz/share/dobot_rviz/meshes/cr3/Link5.STL
[0.536s] -- Up-to-date: /home/robot/DOBOT_6Axis_ROS2_V4/install/dobot_rviz/share/dobot_rviz/meshes/cr3/Link6.STL
[0.536s] -- Up-to-date: /home/robot/DOBOT_6Axis_ROS2_V4/install/dobot_rviz/share/dobot_rviz/meshes/cr3/base_link.STL
[0.536s] -- Up-to-date: /home/robot/DOBOT_6Axis_ROS2_V4/install/dobot_rviz/share/dobot_rviz/meshes/cr3/Link4.STL
[0.536s] -- Up-to-date: /home/robot/DOBOT_6Axis_ROS2_V4/install/dobot_rviz/share/dobot_rviz/meshes/cr16
[0.536s] -- Up-to-date: /home/robot/DOBOT_6Axis_ROS2_V4/install/dobot_rviz/share/dobot_rviz/meshes/cr16/Link2.STL
[0.536s] -- Up-to-date: /home/robot/DOBOT_6Axis_ROS2_V4/install/dobot_rviz/share/dobot_rviz/meshes/cr16/Link3.STL
[0.536s] -- Up-to-date: /home/robot/DOBOT_6Axis_ROS2_V4/install/dobot_rviz/share/dobot_rviz/meshes/cr16/Link1.STL
[0.536s] -- Up-to-date: /home/robot/DOBOT_6Axis_ROS2_V4/install/dobot_rviz/share/dobot_rviz/meshes/cr16/Link5.STL
[0.536s] -- Up-to-date: /home/robot/DOBOT_6Axis_ROS2_V4/install/dobot_rviz/share/dobot_rviz/meshes/cr16/Link6.STL
[0.536s] -- Up-to-date: /home/robot/DOBOT_6Axis_ROS2_V4/install/dobot_rviz/share/dobot_rviz/meshes/cr16/base_link.STL
[0.537s] -- Up-to-date: /home/robot/DOBOT_6Axis_ROS2_V4/install/dobot_rviz/share/dobot_rviz/meshes/cr16/Link4.STL
[0.537s] -- Up-to-date: /home/robot/DOBOT_6Axis_ROS2_V4/install/dobot_rviz/share/ament_index/resource_index/package_run_dependencies/dobot_rviz
[0.537s] -- Up-to-date: /home/robot/DOBOT_6Axis_ROS2_V4/install/dobot_rviz/share/ament_index/resource_index/parent_prefix_path/dobot_rviz
[0.537s] -- Up-to-date: /home/robot/DOBOT_6Axis_ROS2_V4/install/dobot_rviz/share/dobot_rviz/environment/ament_prefix_path.sh
[0.537s] -- Up-to-date: /home/robot/DOBOT_6Axis_ROS2_V4/install/dobot_rviz/share/dobot_rviz/environment/ament_prefix_path.dsv
[0.537s] -- Up-to-date: /home/robot/DOBOT_6Axis_ROS2_V4/install/dobot_rviz/share/dobot_rviz/environment/path.sh
[0.537s] -- Up-to-date: /home/robot/DOBOT_6Axis_ROS2_V4/install/dobot_rviz/share/dobot_rviz/environment/path.dsv
[0.537s] -- Up-to-date: /home/robot/DOBOT_6Axis_ROS2_V4/install/dobot_rviz/share/dobot_rviz/local_setup.bash
[0.537s] -- Up-to-date: /home/robot/DOBOT_6Axis_ROS2_V4/install/dobot_rviz/share/dobot_rviz/local_setup.sh
[0.537s] -- Up-to-date: /home/robot/DOBOT_6Axis_ROS2_V4/install/dobot_rviz/share/dobot_rviz/local_setup.zsh
[0.537s] -- Up-to-date: /home/robot/DOBOT_6Axis_ROS2_V4/install/dobot_rviz/share/dobot_rviz/local_setup.dsv
[0.537s] -- Up-to-date: /home/robot/DOBOT_6Axis_ROS2_V4/install/dobot_rviz/share/dobot_rviz/package.dsv
[0.538s] -- Up-to-date: /home/robot/DOBOT_6Axis_ROS2_V4/install/dobot_rviz/share/ament_index/resource_index/packages/dobot_rviz
[0.538s] -- Up-to-date: /home/robot/DOBOT_6Axis_ROS2_V4/install/dobot_rviz/share/dobot_rviz/cmake/dobot_rvizConfig.cmake
[0.538s] -- Up-to-date: /home/robot/DOBOT_6Axis_ROS2_V4/install/dobot_rviz/share/dobot_rviz/cmake/dobot_rvizConfig-version.cmake
[0.538s] -- Up-to-date: /home/robot/DOBOT_6Axis_ROS2_V4/install/dobot_rviz/share/dobot_rviz/package.xml
[0.546s] Invoked command in '/home/robot/DOBOT_6Axis_ROS2_V4/build/dobot_rviz' returned '0': CMAKE_PREFIX_PATH=/opt/ros/humble CONDA_PROMPT_MODIFIER=(ros2) /usr/bin/cmake --install /home/robot/DOBOT_6Axis_ROS2_V4/build/dobot_rviz
