[0.868s] Invoking command in '/home/robot/DOBOT_6Axis_ROS2_V4/dobot_moveit': CONDA_PROMPT_MODIFIER=(ros2) PYTHONPATH=/home/robot/DOBOT_6Axis_ROS2_V4/build/dobot_moveit/prefix_override:/usr/lib/python3/dist-packages/colcon_core/task/python/colcon_distutils_commands:/home/robot/DOBOT_6Axis_ROS2_V4/install/dobot_moveit/lib/python3.10/site-packages:${PYTHONPATH} /usr/bin/python3 -W ignore:setup.py install is deprecated -W ignore:easy_install command is deprecated setup.py egg_info --egg-base ../build/dobot_moveit build --build-base /home/robot/DOBOT_6Axis_ROS2_V4/build/dobot_moveit/build install --record /home/robot/DOBOT_6Axis_ROS2_V4/build/dobot_moveit/install.log --single-version-externally-managed install_data
[1.077s] running egg_info
[1.077s] writing ../build/dobot_moveit/dobot_moveit.egg-info/PKG-INFO
[1.077s] writing dependency_links to ../build/dobot_moveit/dobot_moveit.egg-info/dependency_links.txt
[1.077s] writing entry points to ../build/dobot_moveit/dobot_moveit.egg-info/entry_points.txt
[1.077s] writing requirements to ../build/dobot_moveit/dobot_moveit.egg-info/requires.txt
[1.077s] writing top-level names to ../build/dobot_moveit/dobot_moveit.egg-info/top_level.txt
[1.078s] reading manifest file '../build/dobot_moveit/dobot_moveit.egg-info/SOURCES.txt'
[1.079s] writing manifest file '../build/dobot_moveit/dobot_moveit.egg-info/SOURCES.txt'
[1.079s] running build
[1.079s] running build_py
[1.079s] running install
[1.079s] running install_lib
[1.080s] running install_data
[1.080s] running install_egg_info
[1.082s] removing '/home/robot/DOBOT_6Axis_ROS2_V4/install/dobot_moveit/lib/python3.10/site-packages/dobot_moveit-0.0.0-py3.10.egg-info' (and everything under it)
[1.082s] Copying ../build/dobot_moveit/dobot_moveit.egg-info to /home/robot/DOBOT_6Axis_ROS2_V4/install/dobot_moveit/lib/python3.10/site-packages/dobot_moveit-0.0.0-py3.10.egg-info
[1.082s] running install_scripts
[1.098s] Installing action_move_server script to /home/robot/DOBOT_6Axis_ROS2_V4/install/dobot_moveit/lib/dobot_moveit
[1.098s] Installing joint_states script to /home/robot/DOBOT_6Axis_ROS2_V4/install/dobot_moveit/lib/dobot_moveit
[1.099s] writing list of installed files to '/home/robot/DOBOT_6Axis_ROS2_V4/build/dobot_moveit/install.log'
[1.121s] Invoked command in '/home/robot/DOBOT_6Axis_ROS2_V4/dobot_moveit' returned '0': CONDA_PROMPT_MODIFIER=(ros2) PYTHONPATH=/home/robot/DOBOT_6Axis_ROS2_V4/build/dobot_moveit/prefix_override:/usr/lib/python3/dist-packages/colcon_core/task/python/colcon_distutils_commands:/home/robot/DOBOT_6Axis_ROS2_V4/install/dobot_moveit/lib/python3.10/site-packages:${PYTHONPATH} /usr/bin/python3 -W ignore:setup.py install is deprecated -W ignore:easy_install command is deprecated setup.py egg_info --egg-base ../build/dobot_moveit build --build-base /home/robot/DOBOT_6Axis_ROS2_V4/build/dobot_moveit/build install --record /home/robot/DOBOT_6Axis_ROS2_V4/build/dobot_moveit/install.log --single-version-externally-managed install_data
