-- Install configuration: ""
-- Installing: /home/robot/DOBOT_6Axis_ROS2_V4/install/nova5_moveit/share/ament_index/resource_index/package_run_dependencies/nova5_moveit
-- Installing: /home/robot/DOBOT_6Axis_ROS2_V4/install/nova5_moveit/share/ament_index/resource_index/parent_prefix_path/nova5_moveit
-- Installing: /home/robot/DOBOT_6Axis_ROS2_V4/install/nova5_moveit/share/nova5_moveit/environment/ament_prefix_path.sh
-- Installing: /home/robot/DOBOT_6Axis_ROS2_V4/install/nova5_moveit/share/nova5_moveit/environment/ament_prefix_path.dsv
-- Installing: /home/robot/DOBOT_6Axis_ROS2_V4/install/nova5_moveit/share/nova5_moveit/environment/path.sh
-- Installing: /home/robot/DOBOT_6Axis_ROS2_V4/install/nova5_moveit/share/nova5_moveit/environment/path.dsv
-- Installing: /home/robot/DOBOT_6Axis_ROS2_V4/install/nova5_moveit/share/nova5_moveit/local_setup.bash
-- Installing: /home/robot/DOBOT_6Axis_ROS2_V4/install/nova5_moveit/share/nova5_moveit/local_setup.sh
-- Installing: /home/robot/DOBOT_6Axis_ROS2_V4/install/nova5_moveit/share/nova5_moveit/local_setup.zsh
-- Installing: /home/robot/DOBOT_6Axis_ROS2_V4/install/nova5_moveit/share/nova5_moveit/local_setup.dsv
-- Installing: /home/robot/DOBOT_6Axis_ROS2_V4/install/nova5_moveit/share/nova5_moveit/package.dsv
-- Installing: /home/robot/DOBOT_6Axis_ROS2_V4/install/nova5_moveit/share/ament_index/resource_index/packages/nova5_moveit
-- Installing: /home/robot/DOBOT_6Axis_ROS2_V4/install/nova5_moveit/share/nova5_moveit/cmake/nova5_moveitConfig.cmake
-- Installing: /home/robot/DOBOT_6Axis_ROS2_V4/install/nova5_moveit/share/nova5_moveit/cmake/nova5_moveitConfig-version.cmake
-- Installing: /home/robot/DOBOT_6Axis_ROS2_V4/install/nova5_moveit/share/nova5_moveit/package.xml
-- Installing: /home/robot/DOBOT_6Axis_ROS2_V4/install/nova5_moveit/share/nova5_moveit/launch
-- Installing: /home/robot/DOBOT_6Axis_ROS2_V4/install/nova5_moveit/share/nova5_moveit/launch/spawn_controllers.launch.py
-- Installing: /home/robot/DOBOT_6Axis_ROS2_V4/install/nova5_moveit/share/nova5_moveit/launch/static_virtual_joint_tfs.launch.py
-- Installing: /home/robot/DOBOT_6Axis_ROS2_V4/install/nova5_moveit/share/nova5_moveit/launch/dobot_moveit.launch.py
-- Installing: /home/robot/DOBOT_6Axis_ROS2_V4/install/nova5_moveit/share/nova5_moveit/launch/demo.launch.py
-- Installing: /home/robot/DOBOT_6Axis_ROS2_V4/install/nova5_moveit/share/nova5_moveit/launch/moveit_rviz.launch.py
-- Installing: /home/robot/DOBOT_6Axis_ROS2_V4/install/nova5_moveit/share/nova5_moveit/launch/move_group.launch.py
-- Installing: /home/robot/DOBOT_6Axis_ROS2_V4/install/nova5_moveit/share/nova5_moveit/launch/setup_assistant.launch.py
-- Installing: /home/robot/DOBOT_6Axis_ROS2_V4/install/nova5_moveit/share/nova5_moveit/launch/moveit_gazebo.launch.py
-- Installing: /home/robot/DOBOT_6Axis_ROS2_V4/install/nova5_moveit/share/nova5_moveit/launch/warehouse_db.launch.py
-- Installing: /home/robot/DOBOT_6Axis_ROS2_V4/install/nova5_moveit/share/nova5_moveit/launch/rsp.launch.py
-- Installing: /home/robot/DOBOT_6Axis_ROS2_V4/install/nova5_moveit/share/nova5_moveit/config
-- Installing: /home/robot/DOBOT_6Axis_ROS2_V4/install/nova5_moveit/share/nova5_moveit/config/nova5_robot.urdf.xacro
-- Installing: /home/robot/DOBOT_6Axis_ROS2_V4/install/nova5_moveit/share/nova5_moveit/config/initial_positions.yaml
-- Installing: /home/robot/DOBOT_6Axis_ROS2_V4/install/nova5_moveit/share/nova5_moveit/config/nova5_robot.srdf
-- Installing: /home/robot/DOBOT_6Axis_ROS2_V4/install/nova5_moveit/share/nova5_moveit/config/kinematics.yaml
-- Installing: /home/robot/DOBOT_6Axis_ROS2_V4/install/nova5_moveit/share/nova5_moveit/config/moveit_controllers.yaml
-- Installing: /home/robot/DOBOT_6Axis_ROS2_V4/install/nova5_moveit/share/nova5_moveit/config/ros2_controllers.yaml
-- Installing: /home/robot/DOBOT_6Axis_ROS2_V4/install/nova5_moveit/share/nova5_moveit/config/moveit.rviz
-- Installing: /home/robot/DOBOT_6Axis_ROS2_V4/install/nova5_moveit/share/nova5_moveit/config/nova5_robot.ros2_control.xacro
-- Installing: /home/robot/DOBOT_6Axis_ROS2_V4/install/nova5_moveit/share/nova5_moveit/config/pilz_cartesian_limits.yaml
-- Installing: /home/robot/DOBOT_6Axis_ROS2_V4/install/nova5_moveit/share/nova5_moveit/config/joint_limits.yaml
-- Installing: /home/robot/DOBOT_6Axis_ROS2_V4/install/nova5_moveit/share/nova5_moveit/.setup_assistant
