[0.066s] Invoking command in '/home/robot/DOBOT_6Axis_ROS2_V4/build/nova5_moveit': AMENT_PREFIX_PATH=/home/robot/DOBOT_6Axis_ROS2_V4/install/dobot_rviz:${AMENT_PREFIX_PATH} CMAKE_PREFIX_PATH=/home/robot/DOBOT_6Axis_ROS2_V4/install/dobot_rviz:/opt/ros/humble CONDA_PROMPT_MODIFIER=(ros2) /usr/bin/cmake --build /home/robot/DOBOT_6Axis_ROS2_V4/build/nova5_moveit -- -j18 -l18
[0.159s] Invoked command in '/home/robot/DOBOT_6Axis_ROS2_V4/build/nova5_moveit' returned '0': AMENT_PREFIX_PATH=/home/robot/DOBOT_6Axis_ROS2_V4/install/dobot_rviz:${AMENT_PREFIX_PATH} CMAKE_PREFIX_PATH=/home/robot/DOBOT_6Axis_ROS2_V4/install/dobot_rviz:/opt/ros/humble CONDA_PROMPT_MODIFIER=(ros2) /usr/bin/cmake --build /home/robot/DOBOT_6Axis_ROS2_V4/build/nova5_moveit -- -j18 -l18
[0.164s] Invoking command in '/home/robot/DOBOT_6Axis_ROS2_V4/build/nova5_moveit': AMENT_PREFIX_PATH=/home/robot/DOBOT_6Axis_ROS2_V4/install/dobot_rviz:${AMENT_PREFIX_PATH} CMAKE_PREFIX_PATH=/home/robot/DOBOT_6Axis_ROS2_V4/install/dobot_rviz:/opt/ros/humble CONDA_PROMPT_MODIFIER=(ros2) /usr/bin/cmake --install /home/robot/DOBOT_6Axis_ROS2_V4/build/nova5_moveit
[0.216s] -- Install configuration: ""
[0.216s] -- Installing: /home/robot/DOBOT_6Axis_ROS2_V4/install/nova5_moveit/share/ament_index/resource_index/package_run_dependencies/nova5_moveit
[0.216s] -- Installing: /home/robot/DOBOT_6Axis_ROS2_V4/install/nova5_moveit/share/ament_index/resource_index/parent_prefix_path/nova5_moveit
[0.216s] -- Installing: /home/robot/DOBOT_6Axis_ROS2_V4/install/nova5_moveit/share/nova5_moveit/environment/ament_prefix_path.sh
[0.216s] -- Installing: /home/robot/DOBOT_6Axis_ROS2_V4/install/nova5_moveit/share/nova5_moveit/environment/ament_prefix_path.dsv
[0.216s] -- Installing: /home/robot/DOBOT_6Axis_ROS2_V4/install/nova5_moveit/share/nova5_moveit/environment/path.sh
[0.216s] -- Installing: /home/robot/DOBOT_6Axis_ROS2_V4/install/nova5_moveit/share/nova5_moveit/environment/path.dsv
[0.216s] -- Installing: /home/robot/DOBOT_6Axis_ROS2_V4/install/nova5_moveit/share/nova5_moveit/local_setup.bash
[0.216s] -- Installing: /home/robot/DOBOT_6Axis_ROS2_V4/install/nova5_moveit/share/nova5_moveit/local_setup.sh
[0.216s] -- Installing: /home/robot/DOBOT_6Axis_ROS2_V4/install/nova5_moveit/share/nova5_moveit/local_setup.zsh
[0.216s] -- Installing: /home/robot/DOBOT_6Axis_ROS2_V4/install/nova5_moveit/share/nova5_moveit/local_setup.dsv
[0.217s] -- Installing: /home/robot/DOBOT_6Axis_ROS2_V4/install/nova5_moveit/share/nova5_moveit/package.dsv
[0.217s] -- Installing: /home/robot/DOBOT_6Axis_ROS2_V4/install/nova5_moveit/share/ament_index/resource_index/packages/nova5_moveit
[0.217s] -- Installing: /home/robot/DOBOT_6Axis_ROS2_V4/install/nova5_moveit/share/nova5_moveit/cmake/nova5_moveitConfig.cmake
[0.217s] -- Installing: /home/robot/DOBOT_6Axis_ROS2_V4/install/nova5_moveit/share/nova5_moveit/cmake/nova5_moveitConfig-version.cmake
[0.217s] -- Installing: /home/robot/DOBOT_6Axis_ROS2_V4/install/nova5_moveit/share/nova5_moveit/package.xml
[0.217s] -- Installing: /home/robot/DOBOT_6Axis_ROS2_V4/install/nova5_moveit/share/nova5_moveit/launch
[0.217s] -- Installing: /home/robot/DOBOT_6Axis_ROS2_V4/install/nova5_moveit/share/nova5_moveit/launch/spawn_controllers.launch.py
[0.217s] -- Installing: /home/robot/DOBOT_6Axis_ROS2_V4/install/nova5_moveit/share/nova5_moveit/launch/static_virtual_joint_tfs.launch.py
[0.217s] -- Installing: /home/robot/DOBOT_6Axis_ROS2_V4/install/nova5_moveit/share/nova5_moveit/launch/dobot_moveit.launch.py
[0.217s] -- Installing: /home/robot/DOBOT_6Axis_ROS2_V4/install/nova5_moveit/share/nova5_moveit/launch/demo.launch.py
[0.217s] -- Installing: /home/robot/DOBOT_6Axis_ROS2_V4/install/nova5_moveit/share/nova5_moveit/launch/moveit_rviz.launch.py
[0.217s] -- Installing: /home/robot/DOBOT_6Axis_ROS2_V4/install/nova5_moveit/share/nova5_moveit/launch/move_group.launch.py
[0.217s] -- Installing: /home/robot/DOBOT_6Axis_ROS2_V4/install/nova5_moveit/share/nova5_moveit/launch/setup_assistant.launch.py
[0.217s] -- Installing: /home/robot/DOBOT_6Axis_ROS2_V4/install/nova5_moveit/share/nova5_moveit/launch/moveit_gazebo.launch.py
[0.217s] -- Installing: /home/robot/DOBOT_6Axis_ROS2_V4/install/nova5_moveit/share/nova5_moveit/launch/warehouse_db.launch.py
[0.217s] -- Installing: /home/robot/DOBOT_6Axis_ROS2_V4/install/nova5_moveit/share/nova5_moveit/launch/rsp.launch.py
[0.217s] -- Installing: /home/robot/DOBOT_6Axis_ROS2_V4/install/nova5_moveit/share/nova5_moveit/config
[0.217s] -- Installing: /home/robot/DOBOT_6Axis_ROS2_V4/install/nova5_moveit/share/nova5_moveit/config/nova5_robot.urdf.xacro
[0.217s] -- Installing: /home/robot/DOBOT_6Axis_ROS2_V4/install/nova5_moveit/share/nova5_moveit/config/initial_positions.yaml
[0.217s] -- Installing: /home/robot/DOBOT_6Axis_ROS2_V4/install/nova5_moveit/share/nova5_moveit/config/nova5_robot.srdf
[0.217s] -- Installing: /home/robot/DOBOT_6Axis_ROS2_V4/install/nova5_moveit/share/nova5_moveit/config/kinematics.yaml
[0.217s] -- Installing: /home/robot/DOBOT_6Axis_ROS2_V4/install/nova5_moveit/share/nova5_moveit/config/moveit_controllers.yaml
[0.217s] -- Installing: /home/robot/DOBOT_6Axis_ROS2_V4/install/nova5_moveit/share/nova5_moveit/config/ros2_controllers.yaml
[0.217s] -- Installing: /home/robot/DOBOT_6Axis_ROS2_V4/install/nova5_moveit/share/nova5_moveit/config/moveit.rviz
[0.217s] -- Installing: /home/robot/DOBOT_6Axis_ROS2_V4/install/nova5_moveit/share/nova5_moveit/config/nova5_robot.ros2_control.xacro
[0.217s] -- Installing: /home/robot/DOBOT_6Axis_ROS2_V4/install/nova5_moveit/share/nova5_moveit/config/pilz_cartesian_limits.yaml
[0.217s] -- Installing: /home/robot/DOBOT_6Axis_ROS2_V4/install/nova5_moveit/share/nova5_moveit/config/joint_limits.yaml
[0.218s] -- Installing: /home/robot/DOBOT_6Axis_ROS2_V4/install/nova5_moveit/share/nova5_moveit/.setup_assistant
[0.290s] Invoked command in '/home/robot/DOBOT_6Axis_ROS2_V4/build/nova5_moveit' returned '0': AMENT_PREFIX_PATH=/home/robot/DOBOT_6Axis_ROS2_V4/install/dobot_rviz:${AMENT_PREFIX_PATH} CMAKE_PREFIX_PATH=/home/robot/DOBOT_6Axis_ROS2_V4/install/dobot_rviz:/opt/ros/humble CONDA_PROMPT_MODIFIER=(ros2) /usr/bin/cmake --install /home/robot/DOBOT_6Axis_ROS2_V4/build/nova5_moveit
