[0.871s] Invoking command in '/home/robot/DOBOT_6Axis_ROS2_V4/servo_action': CONDA_PROMPT_MODIFIER=(ros2) PYTHONPATH=/home/robot/DOBOT_6Axis_ROS2_V4/build/servo_action/prefix_override:/usr/lib/python3/dist-packages/colcon_core/task/python/colcon_distutils_commands:/home/robot/DOBOT_6Axis_ROS2_V4/install/servo_action/lib/python3.10/site-packages:${PYTHONPATH} /usr/bin/python3 -W ignore:setup.py install is deprecated -W ignore:easy_install command is deprecated setup.py egg_info --egg-base ../build/servo_action build --build-base /home/robot/DOBOT_6Axis_ROS2_V4/build/servo_action/build install --record /home/robot/DOBOT_6Axis_ROS2_V4/build/servo_action/install.log --single-version-externally-managed install_data
[1.048s] running egg_info
[1.049s] writing ../build/servo_action/servo_action.egg-info/PKG-INFO
[1.049s] writing dependency_links to ../build/servo_action/servo_action.egg-info/dependency_links.txt
[1.049s] writing entry points to ../build/servo_action/servo_action.egg-info/entry_points.txt
[1.049s] writing requirements to ../build/servo_action/servo_action.egg-info/requires.txt
[1.049s] writing top-level names to ../build/servo_action/servo_action.egg-info/top_level.txt
[1.050s] reading manifest file '../build/servo_action/servo_action.egg-info/SOURCES.txt'
[1.050s] writing manifest file '../build/servo_action/servo_action.egg-info/SOURCES.txt'
[1.050s] running build
[1.050s] running build_py
[1.051s] running install
[1.051s] running install_lib
[1.051s] running install_data
[1.051s] running install_egg_info
[1.053s] removing '/home/robot/DOBOT_6Axis_ROS2_V4/install/servo_action/lib/python3.10/site-packages/servo_action-0.0.0-py3.10.egg-info' (and everything under it)
[1.053s] Copying ../build/servo_action/servo_action.egg-info to /home/robot/DOBOT_6Axis_ROS2_V4/install/servo_action/lib/python3.10/site-packages/servo_action-0.0.0-py3.10.egg-info
[1.054s] running install_scripts
[1.066s] Installing Joint_Position script to /home/robot/DOBOT_6Axis_ROS2_V4/install/servo_action/lib/servo_action
[1.066s] Installing action_move_client script to /home/robot/DOBOT_6Axis_ROS2_V4/install/servo_action/lib/servo_action
[1.067s] writing list of installed files to '/home/robot/DOBOT_6Axis_ROS2_V4/build/servo_action/install.log'
[1.084s] Invoked command in '/home/robot/DOBOT_6Axis_ROS2_V4/servo_action' returned '0': CONDA_PROMPT_MODIFIER=(ros2) PYTHONPATH=/home/robot/DOBOT_6Axis_ROS2_V4/build/servo_action/prefix_override:/usr/lib/python3/dist-packages/colcon_core/task/python/colcon_distutils_commands:/home/robot/DOBOT_6Axis_ROS2_V4/install/servo_action/lib/python3.10/site-packages:${PYTHONPATH} /usr/bin/python3 -W ignore:setup.py install is deprecated -W ignore:easy_install command is deprecated setup.py egg_info --egg-base ../build/servo_action build --build-base /home/robot/DOBOT_6Axis_ROS2_V4/build/servo_action/build install --record /home/robot/DOBOT_6Axis_ROS2_V4/build/servo_action/install.log --single-version-externally-managed install_data
