-- Install configuration: ""
-- Up-to-date: /home/robot/DOBOT_6Axis_ROS2_V4/install/cr20_moveit/share/ament_index/resource_index/package_run_dependencies/cr20_moveit
-- Up-to-date: /home/robot/DOBOT_6Axis_ROS2_V4/install/cr20_moveit/share/ament_index/resource_index/parent_prefix_path/cr20_moveit
-- Up-to-date: /home/robot/DOBOT_6Axis_ROS2_V4/install/cr20_moveit/share/cr20_moveit/environment/ament_prefix_path.sh
-- Up-to-date: /home/robot/DOBOT_6Axis_ROS2_V4/install/cr20_moveit/share/cr20_moveit/environment/ament_prefix_path.dsv
-- Up-to-date: /home/robot/DOBOT_6Axis_ROS2_V4/install/cr20_moveit/share/cr20_moveit/environment/path.sh
-- Up-to-date: /home/robot/DOBOT_6Axis_ROS2_V4/install/cr20_moveit/share/cr20_moveit/environment/path.dsv
-- Up-to-date: /home/robot/DOBOT_6Axis_ROS2_V4/install/cr20_moveit/share/cr20_moveit/local_setup.bash
-- Up-to-date: /home/robot/DOBOT_6Axis_ROS2_V4/install/cr20_moveit/share/cr20_moveit/local_setup.sh
-- Up-to-date: /home/robot/DOBOT_6Axis_ROS2_V4/install/cr20_moveit/share/cr20_moveit/local_setup.zsh
-- Up-to-date: /home/robot/DOBOT_6Axis_ROS2_V4/install/cr20_moveit/share/cr20_moveit/local_setup.dsv
-- Installing: /home/robot/DOBOT_6Axis_ROS2_V4/install/cr20_moveit/share/cr20_moveit/package.dsv
-- Up-to-date: /home/robot/DOBOT_6Axis_ROS2_V4/install/cr20_moveit/share/ament_index/resource_index/packages/cr20_moveit
-- Up-to-date: /home/robot/DOBOT_6Axis_ROS2_V4/install/cr20_moveit/share/cr20_moveit/cmake/cr20_moveitConfig.cmake
-- Up-to-date: /home/robot/DOBOT_6Axis_ROS2_V4/install/cr20_moveit/share/cr20_moveit/cmake/cr20_moveitConfig-version.cmake
-- Up-to-date: /home/robot/DOBOT_6Axis_ROS2_V4/install/cr20_moveit/share/cr20_moveit/package.xml
-- Up-to-date: /home/robot/DOBOT_6Axis_ROS2_V4/install/cr20_moveit/share/cr20_moveit/launch
-- Up-to-date: /home/robot/DOBOT_6Axis_ROS2_V4/install/cr20_moveit/share/cr20_moveit/launch/spawn_controllers.launch.py
-- Up-to-date: /home/robot/DOBOT_6Axis_ROS2_V4/install/cr20_moveit/share/cr20_moveit/launch/static_virtual_joint_tfs.launch.py
-- Up-to-date: /home/robot/DOBOT_6Axis_ROS2_V4/install/cr20_moveit/share/cr20_moveit/launch/dobot_moveit.launch.py
-- Up-to-date: /home/robot/DOBOT_6Axis_ROS2_V4/install/cr20_moveit/share/cr20_moveit/launch/demo.launch.py
-- Up-to-date: /home/robot/DOBOT_6Axis_ROS2_V4/install/cr20_moveit/share/cr20_moveit/launch/moveit_rviz.launch.py
-- Up-to-date: /home/robot/DOBOT_6Axis_ROS2_V4/install/cr20_moveit/share/cr20_moveit/launch/move_group.launch.py
-- Up-to-date: /home/robot/DOBOT_6Axis_ROS2_V4/install/cr20_moveit/share/cr20_moveit/launch/setup_assistant.launch.py
-- Up-to-date: /home/robot/DOBOT_6Axis_ROS2_V4/install/cr20_moveit/share/cr20_moveit/launch/moveit_gazebo.launch.py
-- Up-to-date: /home/robot/DOBOT_6Axis_ROS2_V4/install/cr20_moveit/share/cr20_moveit/launch/warehouse_db.launch.py
-- Up-to-date: /home/robot/DOBOT_6Axis_ROS2_V4/install/cr20_moveit/share/cr20_moveit/launch/rsp.launch.py
-- Up-to-date: /home/robot/DOBOT_6Axis_ROS2_V4/install/cr20_moveit/share/cr20_moveit/config
-- Up-to-date: /home/robot/DOBOT_6Axis_ROS2_V4/install/cr20_moveit/share/cr20_moveit/config/cr20_robot.ros2_control.xacro
-- Up-to-date: /home/robot/DOBOT_6Axis_ROS2_V4/install/cr20_moveit/share/cr20_moveit/config/initial_positions.yaml
-- Up-to-date: /home/robot/DOBOT_6Axis_ROS2_V4/install/cr20_moveit/share/cr20_moveit/config/kinematics.yaml
-- Up-to-date: /home/robot/DOBOT_6Axis_ROS2_V4/install/cr20_moveit/share/cr20_moveit/config/moveit_controllers.yaml
-- Up-to-date: /home/robot/DOBOT_6Axis_ROS2_V4/install/cr20_moveit/share/cr20_moveit/config/ros2_controllers.yaml
-- Up-to-date: /home/robot/DOBOT_6Axis_ROS2_V4/install/cr20_moveit/share/cr20_moveit/config/moveit.rviz
-- Up-to-date: /home/robot/DOBOT_6Axis_ROS2_V4/install/cr20_moveit/share/cr20_moveit/config/cr20_robot.srdf
-- Up-to-date: /home/robot/DOBOT_6Axis_ROS2_V4/install/cr20_moveit/share/cr20_moveit/config/pilz_cartesian_limits.yaml
-- Up-to-date: /home/robot/DOBOT_6Axis_ROS2_V4/install/cr20_moveit/share/cr20_moveit/config/cr20_robot.urdf.xacro
-- Up-to-date: /home/robot/DOBOT_6Axis_ROS2_V4/install/cr20_moveit/share/cr20_moveit/config/joint_limits.yaml
-- Up-to-date: /home/robot/DOBOT_6Axis_ROS2_V4/install/cr20_moveit/share/cr20_moveit/.setup_assistant
