[0.064s] Invoking command in '/home/robot/DOBOT_6Axis_ROS2_V4/build/cr16_moveit': AMENT_PREFIX_PATH=/home/robot/DOBOT_6Axis_ROS2_V4/install/dobot_rviz:${AMENT_PREFIX_PATH} CMAKE_PREFIX_PATH=/home/robot/DOBOT_6Axis_ROS2_V4/install/dobot_rviz:/opt/ros/humble CONDA_PROMPT_MODIFIER=(ros2) /usr/bin/cmake --build /home/robot/DOBOT_6Axis_ROS2_V4/build/cr16_moveit -- -j18 -l18
[0.123s] Invoked command in '/home/robot/DOBOT_6Axis_ROS2_V4/build/cr16_moveit' returned '0': AMENT_PREFIX_PATH=/home/robot/DOBOT_6Axis_ROS2_V4/install/dobot_rviz:${AMENT_PREFIX_PATH} CMAKE_PREFIX_PATH=/home/robot/DOBOT_6Axis_ROS2_V4/install/dobot_rviz:/opt/ros/humble CONDA_PROMPT_MODIFIER=(ros2) /usr/bin/cmake --build /home/robot/DOBOT_6Axis_ROS2_V4/build/cr16_moveit -- -j18 -l18
[0.124s] Invoking command in '/home/robot/DOBOT_6Axis_ROS2_V4/build/cr16_moveit': AMENT_PREFIX_PATH=/home/robot/DOBOT_6Axis_ROS2_V4/install/dobot_rviz:${AMENT_PREFIX_PATH} CMAKE_PREFIX_PATH=/home/robot/DOBOT_6Axis_ROS2_V4/install/dobot_rviz:/opt/ros/humble CONDA_PROMPT_MODIFIER=(ros2) /usr/bin/cmake --install /home/robot/DOBOT_6Axis_ROS2_V4/build/cr16_moveit
[0.138s] -- Install configuration: ""
[0.138s] -- Installing: /home/robot/DOBOT_6Axis_ROS2_V4/install/cr16_moveit/share/ament_index/resource_index/package_run_dependencies/cr16_moveit
[0.138s] -- Installing: /home/robot/DOBOT_6Axis_ROS2_V4/install/cr16_moveit/share/ament_index/resource_index/parent_prefix_path/cr16_moveit
[0.138s] -- Installing: /home/robot/DOBOT_6Axis_ROS2_V4/install/cr16_moveit/share/cr16_moveit/environment/ament_prefix_path.sh
[0.140s] -- Installing: /home/robot/DOBOT_6Axis_ROS2_V4/install/cr16_moveit/share/cr16_moveit/environment/ament_prefix_path.dsv
[0.141s] -- Installing: /home/robot/DOBOT_6Axis_ROS2_V4/install/cr16_moveit/share/cr16_moveit/environment/path.sh
[0.142s] -- Installing: /home/robot/DOBOT_6Axis_ROS2_V4/install/cr16_moveit/share/cr16_moveit/environment/path.dsv
[0.143s] -- Installing: /home/robot/DOBOT_6Axis_ROS2_V4/install/cr16_moveit/share/cr16_moveit/local_setup.bash
[0.143s] -- Installing: /home/robot/DOBOT_6Axis_ROS2_V4/install/cr16_moveit/share/cr16_moveit/local_setup.sh
[0.143s] -- Installing: /home/robot/DOBOT_6Axis_ROS2_V4/install/cr16_moveit/share/cr16_moveit/local_setup.zsh
[0.143s] -- Installing: /home/robot/DOBOT_6Axis_ROS2_V4/install/cr16_moveit/share/cr16_moveit/local_setup.dsv
[0.143s] -- Installing: /home/robot/DOBOT_6Axis_ROS2_V4/install/cr16_moveit/share/cr16_moveit/package.dsv
[0.143s] -- Installing: /home/robot/DOBOT_6Axis_ROS2_V4/install/cr16_moveit/share/ament_index/resource_index/packages/cr16_moveit
[0.143s] -- Installing: /home/robot/DOBOT_6Axis_ROS2_V4/install/cr16_moveit/share/cr16_moveit/cmake/cr16_moveitConfig.cmake
[0.143s] -- Installing: /home/robot/DOBOT_6Axis_ROS2_V4/install/cr16_moveit/share/cr16_moveit/cmake/cr16_moveitConfig-version.cmake
[0.143s] -- Installing: /home/robot/DOBOT_6Axis_ROS2_V4/install/cr16_moveit/share/cr16_moveit/package.xml
[0.143s] -- Installing: /home/robot/DOBOT_6Axis_ROS2_V4/install/cr16_moveit/share/cr16_moveit/launch
[0.143s] -- Installing: /home/robot/DOBOT_6Axis_ROS2_V4/install/cr16_moveit/share/cr16_moveit/launch/spawn_controllers.launch.py
[0.143s] -- Installing: /home/robot/DOBOT_6Axis_ROS2_V4/install/cr16_moveit/share/cr16_moveit/launch/static_virtual_joint_tfs.launch.py
[0.144s] -- Installing: /home/robot/DOBOT_6Axis_ROS2_V4/install/cr16_moveit/share/cr16_moveit/launch/dobot_moveit.launch.py
[0.144s] -- Installing: /home/robot/DOBOT_6Axis_ROS2_V4/install/cr16_moveit/share/cr16_moveit/launch/demo.launch.py
[0.144s] -- Installing: /home/robot/DOBOT_6Axis_ROS2_V4/install/cr16_moveit/share/cr16_moveit/launch/moveit_rviz.launch.py
[0.144s] -- Installing: /home/robot/DOBOT_6Axis_ROS2_V4/install/cr16_moveit/share/cr16_moveit/launch/move_group.launch.py
[0.144s] -- Installing: /home/robot/DOBOT_6Axis_ROS2_V4/install/cr16_moveit/share/cr16_moveit/launch/setup_assistant.launch.py
[0.144s] -- Installing: /home/robot/DOBOT_6Axis_ROS2_V4/install/cr16_moveit/share/cr16_moveit/launch/moveit_gazebo.launch.py
[0.144s] -- Installing: /home/robot/DOBOT_6Axis_ROS2_V4/install/cr16_moveit/share/cr16_moveit/launch/warehouse_db.launch.py
[0.144s] -- Installing: /home/robot/DOBOT_6Axis_ROS2_V4/install/cr16_moveit/share/cr16_moveit/launch/rsp.launch.py
[0.145s] -- Installing: /home/robot/DOBOT_6Axis_ROS2_V4/install/cr16_moveit/share/cr16_moveit/config
[0.145s] -- Installing: /home/robot/DOBOT_6Axis_ROS2_V4/install/cr16_moveit/share/cr16_moveit/config/initial_positions.yaml
[0.146s] -- Installing: /home/robot/DOBOT_6Axis_ROS2_V4/install/cr16_moveit/share/cr16_moveit/config/kinematics.yaml
[0.146s] -- Installing: /home/robot/DOBOT_6Axis_ROS2_V4/install/cr16_moveit/share/cr16_moveit/config/cr16_robot.urdf.xacro
[0.146s] -- Installing: /home/robot/DOBOT_6Axis_ROS2_V4/install/cr16_moveit/share/cr16_moveit/config/moveit_controllers.yaml
[0.146s] -- Installing: /home/robot/DOBOT_6Axis_ROS2_V4/install/cr16_moveit/share/cr16_moveit/config/cr16_robot.ros2_control.xacro
[0.146s] -- Installing: /home/robot/DOBOT_6Axis_ROS2_V4/install/cr16_moveit/share/cr16_moveit/config/ros2_controllers.yaml
[0.146s] -- Installing: /home/robot/DOBOT_6Axis_ROS2_V4/install/cr16_moveit/share/cr16_moveit/config/moveit.rviz
[0.146s] -- Installing: /home/robot/DOBOT_6Axis_ROS2_V4/install/cr16_moveit/share/cr16_moveit/config/pilz_cartesian_limits.yaml
[0.146s] -- Installing: /home/robot/DOBOT_6Axis_ROS2_V4/install/cr16_moveit/share/cr16_moveit/config/cr16_robot.srdf
[0.146s] -- Installing: /home/robot/DOBOT_6Axis_ROS2_V4/install/cr16_moveit/share/cr16_moveit/config/joint_limits.yaml
[0.146s] -- Installing: /home/robot/DOBOT_6Axis_ROS2_V4/install/cr16_moveit/share/cr16_moveit/.setup_assistant
[0.192s] Invoked command in '/home/robot/DOBOT_6Axis_ROS2_V4/build/cr16_moveit' returned '0': AMENT_PREFIX_PATH=/home/robot/DOBOT_6Axis_ROS2_V4/install/dobot_rviz:${AMENT_PREFIX_PATH} CMAKE_PREFIX_PATH=/home/robot/DOBOT_6Axis_ROS2_V4/install/dobot_rviz:/opt/ros/humble CONDA_PROMPT_MODIFIER=(ros2) /usr/bin/cmake --install /home/robot/DOBOT_6Axis_ROS2_V4/build/cr16_moveit
