[1.088s] Invoking command in '/home/robot/DOBOT_6Axis_ROS2_V4/dobot_demo': CONDA_PROMPT_MODIFIER=(ros2) PYTHONPATH=/home/robot/DOBOT_6Axis_ROS2_V4/build/dobot_demo/prefix_override:/usr/lib/python3/dist-packages/colcon_core/task/python/colcon_distutils_commands:/home/robot/DOBOT_6Axis_ROS2_V4/install/dobot_demo/lib/python3.10/site-packages:${PYTHONPATH} /usr/bin/python3 -W ignore:setup.py install is deprecated -W ignore:easy_install command is deprecated setup.py egg_info --egg-base ../build/dobot_demo build --build-base /home/robot/DOBOT_6Axis_ROS2_V4/build/dobot_demo/build install --record /home/robot/DOBOT_6Axis_ROS2_V4/build/dobot_demo/install.log --single-version-externally-managed install_data
[1.925s] running egg_info
[1.925s] creating ../build/dobot_demo/dobot_demo.egg-info
[1.925s] writing ../build/dobot_demo/dobot_demo.egg-info/PKG-INFO
[1.925s] writing dependency_links to ../build/dobot_demo/dobot_demo.egg-info/dependency_links.txt
[1.925s] writing entry points to ../build/dobot_demo/dobot_demo.egg-info/entry_points.txt
[1.925s] writing requirements to ../build/dobot_demo/dobot_demo.egg-info/requires.txt
[1.925s] writing top-level names to ../build/dobot_demo/dobot_demo.egg-info/top_level.txt
[1.925s] writing manifest file '../build/dobot_demo/dobot_demo.egg-info/SOURCES.txt'
[1.925s] reading manifest file '../build/dobot_demo/dobot_demo.egg-info/SOURCES.txt'
[1.925s] writing manifest file '../build/dobot_demo/dobot_demo.egg-info/SOURCES.txt'
[1.925s] running build
[1.925s] running build_py
[1.925s] creating /home/robot/DOBOT_6Axis_ROS2_V4/build/dobot_demo/build
[1.925s] creating /home/robot/DOBOT_6Axis_ROS2_V4/build/dobot_demo/build/lib
[1.925s] creating /home/robot/DOBOT_6Axis_ROS2_V4/build/dobot_demo/build/lib/dobot_demo
[1.925s] copying dobot_demo/__init__.py -> /home/robot/DOBOT_6Axis_ROS2_V4/build/dobot_demo/build/lib/dobot_demo
[1.926s] copying dobot_demo/demo.py -> /home/robot/DOBOT_6Axis_ROS2_V4/build/dobot_demo/build/lib/dobot_demo
[1.926s] running install
[1.926s] running install_lib
[1.926s] creating /home/robot/DOBOT_6Axis_ROS2_V4/install/dobot_demo/lib/python3.10/site-packages/dobot_demo
[1.926s] copying /home/robot/DOBOT_6Axis_ROS2_V4/build/dobot_demo/build/lib/dobot_demo/__init__.py -> /home/robot/DOBOT_6Axis_ROS2_V4/install/dobot_demo/lib/python3.10/site-packages/dobot_demo
[1.926s] copying /home/robot/DOBOT_6Axis_ROS2_V4/build/dobot_demo/build/lib/dobot_demo/demo.py -> /home/robot/DOBOT_6Axis_ROS2_V4/install/dobot_demo/lib/python3.10/site-packages/dobot_demo
[1.926s] byte-compiling /home/robot/DOBOT_6Axis_ROS2_V4/install/dobot_demo/lib/python3.10/site-packages/dobot_demo/__init__.py to __init__.cpython-310.pyc
[1.926s] byte-compiling /home/robot/DOBOT_6Axis_ROS2_V4/install/dobot_demo/lib/python3.10/site-packages/dobot_demo/demo.py to demo.cpython-310.pyc
[1.926s] running install_data
[1.926s] creating /home/robot/DOBOT_6Axis_ROS2_V4/install/dobot_demo/share/ament_index
[1.926s] creating /home/robot/DOBOT_6Axis_ROS2_V4/install/dobot_demo/share/ament_index/resource_index
[1.926s] creating /home/robot/DOBOT_6Axis_ROS2_V4/install/dobot_demo/share/ament_index/resource_index/packages
[1.926s] copying resource/dobot_demo -> /home/robot/DOBOT_6Axis_ROS2_V4/install/dobot_demo/share/ament_index/resource_index/packages
[1.926s] copying package.xml -> /home/robot/DOBOT_6Axis_ROS2_V4/install/dobot_demo/share/dobot_demo
[1.926s] running install_egg_info
[1.926s] Copying ../build/dobot_demo/dobot_demo.egg-info to /home/robot/DOBOT_6Axis_ROS2_V4/install/dobot_demo/lib/python3.10/site-packages/dobot_demo-0.0.0-py3.10.egg-info
[1.926s] running install_scripts
[1.926s] Installing demo script to /home/robot/DOBOT_6Axis_ROS2_V4/install/dobot_demo/lib/dobot_demo
[1.927s] writing list of installed files to '/home/robot/DOBOT_6Axis_ROS2_V4/build/dobot_demo/install.log'
