[0.049s] Invoking command in '/home/robot/DOBOT_6Axis_ROS2_V4/build/cr30h_moveit': AMENT_PREFIX_PATH=/home/robot/DOBOT_6Axis_ROS2_V4/install/dobot_rviz:${AMENT_PREFIX_PATH} CMAKE_PREFIX_PATH=/home/robot/DOBOT_6Axis_ROS2_V4/install/dobot_rviz:/opt/ros/humble CONDA_PROMPT_MODIFIER=(ros2) /usr/bin/cmake --build /home/robot/DOBOT_6Axis_ROS2_V4/build/cr30h_moveit -- -j18 -l18
[0.118s] Invoked command in '/home/robot/DOBOT_6Axis_ROS2_V4/build/cr30h_moveit' returned '0': AMENT_PREFIX_PATH=/home/robot/DOBOT_6Axis_ROS2_V4/install/dobot_rviz:${AMENT_PREFIX_PATH} CMAKE_PREFIX_PATH=/home/robot/DOBOT_6Axis_ROS2_V4/install/dobot_rviz:/opt/ros/humble CONDA_PROMPT_MODIFIER=(ros2) /usr/bin/cmake --build /home/robot/DOBOT_6Axis_ROS2_V4/build/cr30h_moveit -- -j18 -l18
[0.120s] Invoking command in '/home/robot/DOBOT_6Axis_ROS2_V4/build/cr30h_moveit': AMENT_PREFIX_PATH=/home/robot/DOBOT_6Axis_ROS2_V4/install/dobot_rviz:${AMENT_PREFIX_PATH} CMAKE_PREFIX_PATH=/home/robot/DOBOT_6Axis_ROS2_V4/install/dobot_rviz:/opt/ros/humble CONDA_PROMPT_MODIFIER=(ros2) /usr/bin/cmake --install /home/robot/DOBOT_6Axis_ROS2_V4/build/cr30h_moveit
[0.148s] -- Install configuration: ""
[0.148s] -- Up-to-date: /home/robot/DOBOT_6Axis_ROS2_V4/install/cr30h_moveit/share/ament_index/resource_index/package_run_dependencies/cr30h_moveit
[0.148s] -- Up-to-date: /home/robot/DOBOT_6Axis_ROS2_V4/install/cr30h_moveit/share/ament_index/resource_index/parent_prefix_path/cr30h_moveit
[0.148s] -- Up-to-date: /home/robot/DOBOT_6Axis_ROS2_V4/install/cr30h_moveit/share/cr30h_moveit/environment/ament_prefix_path.sh
[0.148s] -- Up-to-date: /home/robot/DOBOT_6Axis_ROS2_V4/install/cr30h_moveit/share/cr30h_moveit/environment/ament_prefix_path.dsv
[0.148s] -- Up-to-date: /home/robot/DOBOT_6Axis_ROS2_V4/install/cr30h_moveit/share/cr30h_moveit/environment/path.sh
[0.148s] -- Up-to-date: /home/robot/DOBOT_6Axis_ROS2_V4/install/cr30h_moveit/share/cr30h_moveit/environment/path.dsv
[0.148s] -- Up-to-date: /home/robot/DOBOT_6Axis_ROS2_V4/install/cr30h_moveit/share/cr30h_moveit/local_setup.bash
[0.148s] -- Up-to-date: /home/robot/DOBOT_6Axis_ROS2_V4/install/cr30h_moveit/share/cr30h_moveit/local_setup.sh
[0.148s] -- Up-to-date: /home/robot/DOBOT_6Axis_ROS2_V4/install/cr30h_moveit/share/cr30h_moveit/local_setup.zsh
[0.148s] -- Up-to-date: /home/robot/DOBOT_6Axis_ROS2_V4/install/cr30h_moveit/share/cr30h_moveit/local_setup.dsv
[0.148s] -- Installing: /home/robot/DOBOT_6Axis_ROS2_V4/install/cr30h_moveit/share/cr30h_moveit/package.dsv
[0.149s] -- Up-to-date: /home/robot/DOBOT_6Axis_ROS2_V4/install/cr30h_moveit/share/ament_index/resource_index/packages/cr30h_moveit
[0.149s] -- Up-to-date: /home/robot/DOBOT_6Axis_ROS2_V4/install/cr30h_moveit/share/cr30h_moveit/cmake/cr30h_moveitConfig.cmake
[0.149s] -- Up-to-date: /home/robot/DOBOT_6Axis_ROS2_V4/install/cr30h_moveit/share/cr30h_moveit/cmake/cr30h_moveitConfig-version.cmake
[0.149s] -- Up-to-date: /home/robot/DOBOT_6Axis_ROS2_V4/install/cr30h_moveit/share/cr30h_moveit/package.xml
[0.149s] -- Up-to-date: /home/robot/DOBOT_6Axis_ROS2_V4/install/cr30h_moveit/share/cr30h_moveit/launch
[0.149s] -- Up-to-date: /home/robot/DOBOT_6Axis_ROS2_V4/install/cr30h_moveit/share/cr30h_moveit/launch/spawn_controllers.launch.py
[0.149s] -- Up-to-date: /home/robot/DOBOT_6Axis_ROS2_V4/install/cr30h_moveit/share/cr30h_moveit/launch/static_virtual_joint_tfs.launch.py
[0.149s] -- Up-to-date: /home/robot/DOBOT_6Axis_ROS2_V4/install/cr30h_moveit/share/cr30h_moveit/launch/dobot_moveit.launch.py
[0.149s] -- Up-to-date: /home/robot/DOBOT_6Axis_ROS2_V4/install/cr30h_moveit/share/cr30h_moveit/launch/demo.launch.py
[0.149s] -- Up-to-date: /home/robot/DOBOT_6Axis_ROS2_V4/install/cr30h_moveit/share/cr30h_moveit/launch/moveit_rviz.launch.py
[0.149s] -- Up-to-date: /home/robot/DOBOT_6Axis_ROS2_V4/install/cr30h_moveit/share/cr30h_moveit/launch/move_group.launch.py
[0.149s] -- Up-to-date: /home/robot/DOBOT_6Axis_ROS2_V4/install/cr30h_moveit/share/cr30h_moveit/launch/setup_assistant.launch.py
[0.149s] -- Up-to-date: /home/robot/DOBOT_6Axis_ROS2_V4/install/cr30h_moveit/share/cr30h_moveit/launch/moveit_gazebo.launch.py
[0.149s] -- Up-to-date: /home/robot/DOBOT_6Axis_ROS2_V4/install/cr30h_moveit/share/cr30h_moveit/launch/warehouse_db.launch.py
[0.149s] -- Up-to-date: /home/robot/DOBOT_6Axis_ROS2_V4/install/cr30h_moveit/share/cr30h_moveit/launch/rsp.launch.py
[0.149s] -- Up-to-date: /home/robot/DOBOT_6Axis_ROS2_V4/install/cr30h_moveit/share/cr30h_moveit/config
[0.149s] -- Up-to-date: /home/robot/DOBOT_6Axis_ROS2_V4/install/cr30h_moveit/share/cr30h_moveit/config/initial_positions.yaml
[0.149s] -- Up-to-date: /home/robot/DOBOT_6Axis_ROS2_V4/install/cr30h_moveit/share/cr30h_moveit/config/kinematics.yaml
[0.149s] -- Up-to-date: /home/robot/DOBOT_6Axis_ROS2_V4/install/cr30h_moveit/share/cr30h_moveit/config/moveit_controllers.yaml
[0.149s] -- Up-to-date: /home/robot/DOBOT_6Axis_ROS2_V4/install/cr30h_moveit/share/cr30h_moveit/config/cr30h_robot.srdf
[0.150s] -- Up-to-date: /home/robot/DOBOT_6Axis_ROS2_V4/install/cr30h_moveit/share/cr30h_moveit/config/ros2_controllers.yaml
[0.150s] -- Up-to-date: /home/robot/DOBOT_6Axis_ROS2_V4/install/cr30h_moveit/share/cr30h_moveit/config/moveit.rviz
[0.150s] -- Up-to-date: /home/robot/DOBOT_6Axis_ROS2_V4/install/cr30h_moveit/share/cr30h_moveit/config/pilz_cartesian_limits.yaml
[0.150s] -- Up-to-date: /home/robot/DOBOT_6Axis_ROS2_V4/install/cr30h_moveit/share/cr30h_moveit/config/cr30h_robot.ros2_control.xacro
[0.150s] -- Up-to-date: /home/robot/DOBOT_6Axis_ROS2_V4/install/cr30h_moveit/share/cr30h_moveit/config/cr30h_robot.urdf.xacro
[0.150s] -- Up-to-date: /home/robot/DOBOT_6Axis_ROS2_V4/install/cr30h_moveit/share/cr30h_moveit/config/joint_limits.yaml
[0.150s] -- Up-to-date: /home/robot/DOBOT_6Axis_ROS2_V4/install/cr30h_moveit/share/cr30h_moveit/.setup_assistant
[0.219s] Invoked command in '/home/robot/DOBOT_6Axis_ROS2_V4/build/cr30h_moveit' returned '0': AMENT_PREFIX_PATH=/home/robot/DOBOT_6Axis_ROS2_V4/install/dobot_rviz:${AMENT_PREFIX_PATH} CMAKE_PREFIX_PATH=/home/robot/DOBOT_6Axis_ROS2_V4/install/dobot_rviz:/opt/ros/humble CONDA_PROMPT_MODIFIER=(ros2) /usr/bin/cmake --install /home/robot/DOBOT_6Axis_ROS2_V4/build/cr30h_moveit
