[1.071s] Invoking command in '/home/robot/DOBOT_6Axis_ROS2_V4/dobot_moveit': CONDA_PROMPT_MODIFIER=(ros2) PYTHONPATH=/home/robot/DOBOT_6Axis_ROS2_V4/build/dobot_moveit/prefix_override:/usr/lib/python3/dist-packages/colcon_core/task/python/colcon_distutils_commands:/home/robot/DOBOT_6Axis_ROS2_V4/install/dobot_moveit/lib/python3.10/site-packages:${PYTHONPATH} /usr/bin/python3 -W ignore:setup.py install is deprecated -W ignore:easy_install command is deprecated setup.py egg_info --egg-base ../build/dobot_moveit build --build-base /home/robot/DOBOT_6Axis_ROS2_V4/build/dobot_moveit/build install --record /home/robot/DOBOT_6Axis_ROS2_V4/build/dobot_moveit/install.log --single-version-externally-managed install_data
[1.910s] running egg_info
[1.912s] creating ../build/dobot_moveit/dobot_moveit.egg-info
[1.913s] writing ../build/dobot_moveit/dobot_moveit.egg-info/PKG-INFO
[1.913s] writing dependency_links to ../build/dobot_moveit/dobot_moveit.egg-info/dependency_links.txt
[1.913s] writing entry points to ../build/dobot_moveit/dobot_moveit.egg-info/entry_points.txt
[1.913s] writing requirements to ../build/dobot_moveit/dobot_moveit.egg-info/requires.txt
[1.913s] writing top-level names to ../build/dobot_moveit/dobot_moveit.egg-info/top_level.txt
[1.914s] writing manifest file '../build/dobot_moveit/dobot_moveit.egg-info/SOURCES.txt'
[1.914s] reading manifest file '../build/dobot_moveit/dobot_moveit.egg-info/SOURCES.txt'
[1.914s] writing manifest file '../build/dobot_moveit/dobot_moveit.egg-info/SOURCES.txt'
[1.914s] running build
[1.914s] running build_py
[1.914s] creating /home/robot/DOBOT_6Axis_ROS2_V4/build/dobot_moveit/build
[1.914s] creating /home/robot/DOBOT_6Axis_ROS2_V4/build/dobot_moveit/build/lib
[1.914s] creating /home/robot/DOBOT_6Axis_ROS2_V4/build/dobot_moveit/build/lib/dobot_moveit
[1.914s] copying dobot_moveit/joint_states.py -> /home/robot/DOBOT_6Axis_ROS2_V4/build/dobot_moveit/build/lib/dobot_moveit
[1.914s] copying dobot_moveit/action_move_server.py -> /home/robot/DOBOT_6Axis_ROS2_V4/build/dobot_moveit/build/lib/dobot_moveit
[1.914s] copying dobot_moveit/__init__.py -> /home/robot/DOBOT_6Axis_ROS2_V4/build/dobot_moveit/build/lib/dobot_moveit
[1.915s] running install
[1.915s] running install_lib
[1.915s] creating /home/robot/DOBOT_6Axis_ROS2_V4/install/dobot_moveit/lib/python3.10/site-packages/dobot_moveit
[1.915s] copying /home/robot/DOBOT_6Axis_ROS2_V4/build/dobot_moveit/build/lib/dobot_moveit/joint_states.py -> /home/robot/DOBOT_6Axis_ROS2_V4/install/dobot_moveit/lib/python3.10/site-packages/dobot_moveit
[1.915s] copying /home/robot/DOBOT_6Axis_ROS2_V4/build/dobot_moveit/build/lib/dobot_moveit/action_move_server.py -> /home/robot/DOBOT_6Axis_ROS2_V4/install/dobot_moveit/lib/python3.10/site-packages/dobot_moveit
[1.915s] copying /home/robot/DOBOT_6Axis_ROS2_V4/build/dobot_moveit/build/lib/dobot_moveit/__init__.py -> /home/robot/DOBOT_6Axis_ROS2_V4/install/dobot_moveit/lib/python3.10/site-packages/dobot_moveit
[1.915s] byte-compiling /home/robot/DOBOT_6Axis_ROS2_V4/install/dobot_moveit/lib/python3.10/site-packages/dobot_moveit/joint_states.py to joint_states.cpython-310.pyc
[1.915s] byte-compiling /home/robot/DOBOT_6Axis_ROS2_V4/install/dobot_moveit/lib/python3.10/site-packages/dobot_moveit/action_move_server.py to action_move_server.cpython-310.pyc
[1.915s] byte-compiling /home/robot/DOBOT_6Axis_ROS2_V4/install/dobot_moveit/lib/python3.10/site-packages/dobot_moveit/__init__.py to __init__.cpython-310.pyc
[1.915s] running install_data
[1.915s] creating /home/robot/DOBOT_6Axis_ROS2_V4/install/dobot_moveit/share/ament_index
[1.915s] creating /home/robot/DOBOT_6Axis_ROS2_V4/install/dobot_moveit/share/ament_index/resource_index
[1.915s] creating /home/robot/DOBOT_6Axis_ROS2_V4/install/dobot_moveit/share/ament_index/resource_index/packages
[1.916s] copying resource/dobot_moveit -> /home/robot/DOBOT_6Axis_ROS2_V4/install/dobot_moveit/share/ament_index/resource_index/packages
[1.916s] copying package.xml -> /home/robot/DOBOT_6Axis_ROS2_V4/install/dobot_moveit/share/dobot_moveit
[1.916s] creating /home/robot/DOBOT_6Axis_ROS2_V4/install/dobot_moveit/share/dobot_moveit/launch
[1.916s] copying launch/dobot_joint.launch.py -> /home/robot/DOBOT_6Axis_ROS2_V4/install/dobot_moveit/share/dobot_moveit/launch
[1.916s] copying launch/dobot_moveit.launch.py -> /home/robot/DOBOT_6Axis_ROS2_V4/install/dobot_moveit/share/dobot_moveit/launch
[1.916s] copying launch/moveit_demo.launch.py -> /home/robot/DOBOT_6Axis_ROS2_V4/install/dobot_moveit/share/dobot_moveit/launch
[1.916s] copying launch/moveit_gazebo.launch.py -> /home/robot/DOBOT_6Axis_ROS2_V4/install/dobot_moveit/share/dobot_moveit/launch
[1.916s] running install_egg_info
[1.916s] Copying ../build/dobot_moveit/dobot_moveit.egg-info to /home/robot/DOBOT_6Axis_ROS2_V4/install/dobot_moveit/lib/python3.10/site-packages/dobot_moveit-0.0.0-py3.10.egg-info
[1.916s] running install_scripts
[1.916s] Installing action_move_server script to /home/robot/DOBOT_6Axis_ROS2_V4/install/dobot_moveit/lib/dobot_moveit
[1.917s] Installing joint_states script to /home/robot/DOBOT_6Axis_ROS2_V4/install/dobot_moveit/lib/dobot_moveit
[1.917s] writing list of installed files to '/home/robot/DOBOT_6Axis_ROS2_V4/build/dobot_moveit/install.log'
