[0.057s] Invoking command in '/home/robot/DOBOT_6Axis_ROS2_V4/build/me6_moveit': AMENT_PREFIX_PATH=/home/robot/DOBOT_6Axis_ROS2_V4/install/dobot_rviz:${AMENT_PREFIX_PATH} CMAKE_PREFIX_PATH=/home/robot/DOBOT_6Axis_ROS2_V4/install/dobot_rviz:/opt/ros/humble CONDA_PROMPT_MODIFIER=(ros2) /usr/bin/cmake --build /home/robot/DOBOT_6Axis_ROS2_V4/build/me6_moveit -- -j18 -l18
[0.144s] Invoked command in '/home/robot/DOBOT_6Axis_ROS2_V4/build/me6_moveit' returned '0': AMENT_PREFIX_PATH=/home/robot/DOBOT_6Axis_ROS2_V4/install/dobot_rviz:${AMENT_PREFIX_PATH} CMAKE_PREFIX_PATH=/home/robot/DOBOT_6Axis_ROS2_V4/install/dobot_rviz:/opt/ros/humble CONDA_PROMPT_MODIFIER=(ros2) /usr/bin/cmake --build /home/robot/DOBOT_6Axis_ROS2_V4/build/me6_moveit -- -j18 -l18
[0.144s] Invoking command in '/home/robot/DOBOT_6Axis_ROS2_V4/build/me6_moveit': AMENT_PREFIX_PATH=/home/robot/DOBOT_6Axis_ROS2_V4/install/dobot_rviz:${AMENT_PREFIX_PATH} CMAKE_PREFIX_PATH=/home/robot/DOBOT_6Axis_ROS2_V4/install/dobot_rviz:/opt/ros/humble CONDA_PROMPT_MODIFIER=(ros2) /usr/bin/cmake --install /home/robot/DOBOT_6Axis_ROS2_V4/build/me6_moveit
[0.171s] -- Install configuration: ""
[0.171s] -- Up-to-date: /home/robot/DOBOT_6Axis_ROS2_V4/install/me6_moveit/share/ament_index/resource_index/package_run_dependencies/me6_moveit
[0.171s] -- Up-to-date: /home/robot/DOBOT_6Axis_ROS2_V4/install/me6_moveit/share/ament_index/resource_index/parent_prefix_path/me6_moveit
[0.172s] -- Up-to-date: /home/robot/DOBOT_6Axis_ROS2_V4/install/me6_moveit/share/me6_moveit/environment/ament_prefix_path.sh
[0.172s] -- Up-to-date: /home/robot/DOBOT_6Axis_ROS2_V4/install/me6_moveit/share/me6_moveit/environment/ament_prefix_path.dsv
[0.172s] -- Up-to-date: /home/robot/DOBOT_6Axis_ROS2_V4/install/me6_moveit/share/me6_moveit/environment/path.sh
[0.172s] -- Up-to-date: /home/robot/DOBOT_6Axis_ROS2_V4/install/me6_moveit/share/me6_moveit/environment/path.dsv
[0.172s] -- Up-to-date: /home/robot/DOBOT_6Axis_ROS2_V4/install/me6_moveit/share/me6_moveit/local_setup.bash
[0.173s] -- Up-to-date: /home/robot/DOBOT_6Axis_ROS2_V4/install/me6_moveit/share/me6_moveit/local_setup.sh
[0.174s] -- Up-to-date: /home/robot/DOBOT_6Axis_ROS2_V4/install/me6_moveit/share/me6_moveit/local_setup.zsh
[0.174s] -- Up-to-date: /home/robot/DOBOT_6Axis_ROS2_V4/install/me6_moveit/share/me6_moveit/local_setup.dsv
[0.174s] -- Installing: /home/robot/DOBOT_6Axis_ROS2_V4/install/me6_moveit/share/me6_moveit/package.dsv
[0.174s] -- Up-to-date: /home/robot/DOBOT_6Axis_ROS2_V4/install/me6_moveit/share/ament_index/resource_index/packages/me6_moveit
[0.174s] -- Up-to-date: /home/robot/DOBOT_6Axis_ROS2_V4/install/me6_moveit/share/me6_moveit/cmake/me6_moveitConfig.cmake
[0.175s] -- Up-to-date: /home/robot/DOBOT_6Axis_ROS2_V4/install/me6_moveit/share/me6_moveit/cmake/me6_moveitConfig-version.cmake
[0.175s] -- Up-to-date: /home/robot/DOBOT_6Axis_ROS2_V4/install/me6_moveit/share/me6_moveit/package.xml
[0.175s] -- Up-to-date: /home/robot/DOBOT_6Axis_ROS2_V4/install/me6_moveit/share/me6_moveit/launch
[0.175s] -- Up-to-date: /home/robot/DOBOT_6Axis_ROS2_V4/install/me6_moveit/share/me6_moveit/launch/spawn_controllers.launch.py
[0.175s] -- Up-to-date: /home/robot/DOBOT_6Axis_ROS2_V4/install/me6_moveit/share/me6_moveit/launch/static_virtual_joint_tfs.launch.py
[0.176s] -- Up-to-date: /home/robot/DOBOT_6Axis_ROS2_V4/install/me6_moveit/share/me6_moveit/launch/dobot_moveit.launch.py
[0.176s] -- Up-to-date: /home/robot/DOBOT_6Axis_ROS2_V4/install/me6_moveit/share/me6_moveit/launch/demo.launch.py
[0.176s] -- Up-to-date: /home/robot/DOBOT_6Axis_ROS2_V4/install/me6_moveit/share/me6_moveit/launch/moveit_rviz.launch.py
[0.176s] -- Up-to-date: /home/robot/DOBOT_6Axis_ROS2_V4/install/me6_moveit/share/me6_moveit/launch/move_group.launch.py
[0.176s] -- Up-to-date: /home/robot/DOBOT_6Axis_ROS2_V4/install/me6_moveit/share/me6_moveit/launch/setup_assistant.launch.py
[0.176s] -- Up-to-date: /home/robot/DOBOT_6Axis_ROS2_V4/install/me6_moveit/share/me6_moveit/launch/moveit_gazebo.launch.py
[0.176s] -- Up-to-date: /home/robot/DOBOT_6Axis_ROS2_V4/install/me6_moveit/share/me6_moveit/launch/warehouse_db.launch.py
[0.176s] -- Up-to-date: /home/robot/DOBOT_6Axis_ROS2_V4/install/me6_moveit/share/me6_moveit/launch/rsp.launch.py
[0.176s] -- Up-to-date: /home/robot/DOBOT_6Axis_ROS2_V4/install/me6_moveit/share/me6_moveit/config
[0.177s] -- Up-to-date: /home/robot/DOBOT_6Axis_ROS2_V4/install/me6_moveit/share/me6_moveit/config/initial_positions.yaml
[0.177s] -- Up-to-date: /home/robot/DOBOT_6Axis_ROS2_V4/install/me6_moveit/share/me6_moveit/config/kinematics.yaml
[0.177s] -- Up-to-date: /home/robot/DOBOT_6Axis_ROS2_V4/install/me6_moveit/share/me6_moveit/config/me6_robot.srdf
[0.177s] -- Up-to-date: /home/robot/DOBOT_6Axis_ROS2_V4/install/me6_moveit/share/me6_moveit/config/moveit_controllers.yaml
[0.177s] -- Up-to-date: /home/robot/DOBOT_6Axis_ROS2_V4/install/me6_moveit/share/me6_moveit/config/ros2_controllers.yaml
[0.177s] -- Up-to-date: /home/robot/DOBOT_6Axis_ROS2_V4/install/me6_moveit/share/me6_moveit/config/moveit.rviz
[0.177s] -- Up-to-date: /home/robot/DOBOT_6Axis_ROS2_V4/install/me6_moveit/share/me6_moveit/config/pilz_cartesian_limits.yaml
[0.177s] -- Up-to-date: /home/robot/DOBOT_6Axis_ROS2_V4/install/me6_moveit/share/me6_moveit/config/me6_robot.ros2_control.xacro
[0.177s] -- Up-to-date: /home/robot/DOBOT_6Axis_ROS2_V4/install/me6_moveit/share/me6_moveit/config/me6_robot.urdf.xacro
[0.177s] -- Up-to-date: /home/robot/DOBOT_6Axis_ROS2_V4/install/me6_moveit/share/me6_moveit/config/joint_limits.yaml
[0.177s] -- Up-to-date: /home/robot/DOBOT_6Axis_ROS2_V4/install/me6_moveit/share/me6_moveit/.setup_assistant
[0.283s] Invoked command in '/home/robot/DOBOT_6Axis_ROS2_V4/build/me6_moveit' returned '0': AMENT_PREFIX_PATH=/home/robot/DOBOT_6Axis_ROS2_V4/install/dobot_rviz:${AMENT_PREFIX_PATH} CMAKE_PREFIX_PATH=/home/robot/DOBOT_6Axis_ROS2_V4/install/dobot_rviz:/opt/ros/humble CONDA_PROMPT_MODIFIER=(ros2) /usr/bin/cmake --install /home/robot/DOBOT_6Axis_ROS2_V4/build/me6_moveit
